2023-01-27 13:24:31.717 INFO  (main) [] o.e.j.u.log Logging initialized @975ms to org.eclipse.jetty.util.log.Slf4jLog
2023-01-27 13:24:31.909 INFO  (main) [] o.e.j.s.Server jetty-9.4.48.v20220622; built: 2022-06-21T20:42:25.880Z; git: 6b67c5719d1f4371b33655ff2d047d24e171e49a; jvm 16.0.1+9-24
2023-01-27 13:24:32.333 INFO  (main) [] o.a.s.s.CoreContainerProvider Using logger factory org.apache.logging.slf4j.Log4jLoggerFactory
2023-01-27 13:24:32.344 INFO  (main) [] o.a.s.s.CoreContainerProvider  ___      _       Welcome to Apache Solr™ version 9.1.1
2023-01-27 13:24:32.344 INFO  (main) [] o.a.s.s.CoreContainerProvider / __| ___| |_ _   Starting in cloud mode on port 7574
2023-01-27 13:24:32.345 INFO  (main) [] o.a.s.s.CoreContainerProvider \__ \/ _ \ | '_|  Install dir: D:\Application_SetupFiles\solr-9.1.1\solr-9.1.1
2023-01-27 13:24:32.345 INFO  (main) [] o.a.s.s.CoreContainerProvider |___/\___/_|_|    Start time: 2023-01-27T13:24:32.345515400Z
2023-01-27 13:24:32.354 INFO  (main) [] o.a.s.s.CoreContainerProvider Solr Home: D:\Application_SetupFiles\solr-9.1.1\solr-9.1.1\example\cloud\node2\solr (source: system property: solr.solr.home)
2023-01-27 13:24:32.369 WARN  (main) [] o.a.s.c.c.SolrZkClient Using default ZkCredentialsInjector. ZkCredentialsInjector is not secure, it creates an empty list of credentials which leads to 'OPEN_ACL_UNSAFE' ACLs to Zookeeper nodes
2023-01-27 13:24:32.428 INFO  (main) [] o.a.s.c.c.ConnectionManager Waiting up to 30000ms for client to connect to ZooKeeper
2023-01-27 13:24:32.438 WARN  (main-SendThread(localhost:9983)) [] o.a.z.ClientCnxn Session 0x0 for server localhost/[0:0:0:0:0:0:0:1]:9983, Closing socket connection. Attempting reconnect except it is a SessionExpiredException. => java.net.ConnectException: Connection refused: no further information
	at java.base/sun.nio.ch.Net.pollConnect(Native Method)
java.net.ConnectException: Connection refused: no further information
	at sun.nio.ch.Net.pollConnect(Native Method) ~[?:?]
	at sun.nio.ch.Net.pollConnectNow(Net.java:669) ~[?:?]
	at sun.nio.ch.SocketChannelImpl.finishConnect(SocketChannelImpl.java:944) ~[?:?]
	at org.apache.zookeeper.ClientCnxnSocketNIO.doTransport(ClientCnxnSocketNIO.java:344) ~[?:?]
	at org.apache.zookeeper.ClientCnxn$SendThread.run(ClientCnxn.java:1282) ~[?:?]
2023-01-27 13:24:33.548 WARN  (main-SendThread(localhost:9983)) [] o.a.z.ClientCnxn Session 0x0 for server localhost/[0:0:0:0:0:0:0:1]:9983, Closing socket connection. Attempting reconnect except it is a SessionExpiredException. => java.net.ConnectException: Connection refused: no further information
	at java.base/sun.nio.ch.Net.pollConnect(Native Method)
java.net.ConnectException: Connection refused: no further information
	at sun.nio.ch.Net.pollConnect(Native Method) ~[?:?]
	at sun.nio.ch.Net.pollConnectNow(Net.java:669) ~[?:?]
	at sun.nio.ch.SocketChannelImpl.finishConnect(SocketChannelImpl.java:944) ~[?:?]
	at org.apache.zookeeper.ClientCnxnSocketNIO.doTransport(ClientCnxnSocketNIO.java:344) ~[?:?]
	at org.apache.zookeeper.ClientCnxn$SendThread.run(ClientCnxn.java:1282) ~[?:?]
2023-01-27 13:24:34.662 WARN  (main-SendThread(localhost:9983)) [] o.a.z.ClientCnxn Session 0x0 for server localhost/[0:0:0:0:0:0:0:1]:9983, Closing socket connection. Attempting reconnect except it is a SessionExpiredException. => java.net.ConnectException: Connection refused: no further information
	at java.base/sun.nio.ch.Net.pollConnect(Native Method)
java.net.ConnectException: Connection refused: no further information
	at sun.nio.ch.Net.pollConnect(Native Method) ~[?:?]
	at sun.nio.ch.Net.pollConnectNow(Net.java:669) ~[?:?]
	at sun.nio.ch.SocketChannelImpl.finishConnect(SocketChannelImpl.java:944) ~[?:?]
	at org.apache.zookeeper.ClientCnxnSocketNIO.doTransport(ClientCnxnSocketNIO.java:344) ~[?:?]
	at org.apache.zookeeper.ClientCnxn$SendThread.run(ClientCnxn.java:1282) ~[?:?]
2023-01-27 13:24:35.778 WARN  (main-SendThread(localhost:9983)) [] o.a.z.ClientCnxn Session 0x0 for server localhost/[0:0:0:0:0:0:0:1]:9983, Closing socket connection. Attempting reconnect except it is a SessionExpiredException. => java.net.ConnectException: Connection refused: no further information
	at java.base/sun.nio.ch.Net.pollConnect(Native Method)
java.net.ConnectException: Connection refused: no further information
	at sun.nio.ch.Net.pollConnect(Native Method) ~[?:?]
	at sun.nio.ch.Net.pollConnectNow(Net.java:669) ~[?:?]
	at sun.nio.ch.SocketChannelImpl.finishConnect(SocketChannelImpl.java:944) ~[?:?]
	at org.apache.zookeeper.ClientCnxnSocketNIO.doTransport(ClientCnxnSocketNIO.java:344) ~[?:?]
	at org.apache.zookeeper.ClientCnxn$SendThread.run(ClientCnxn.java:1282) ~[?:?]
2023-01-27 13:24:36.889 WARN  (main-SendThread(localhost:9983)) [] o.a.z.ClientCnxn Session 0x0 for server localhost/[0:0:0:0:0:0:0:1]:9983, Closing socket connection. Attempting reconnect except it is a SessionExpiredException. => java.net.ConnectException: Connection refused: no further information
	at java.base/sun.nio.ch.Net.pollConnect(Native Method)
java.net.ConnectException: Connection refused: no further information
	at sun.nio.ch.Net.pollConnect(Native Method) ~[?:?]
	at sun.nio.ch.Net.pollConnectNow(Net.java:669) ~[?:?]
	at sun.nio.ch.SocketChannelImpl.finishConnect(SocketChannelImpl.java:944) ~[?:?]
	at org.apache.zookeeper.ClientCnxnSocketNIO.doTransport(ClientCnxnSocketNIO.java:344) ~[?:?]
	at org.apache.zookeeper.ClientCnxn$SendThread.run(ClientCnxn.java:1282) ~[?:?]
2023-01-27 13:24:38.004 WARN  (main-SendThread(localhost:9983)) [] o.a.z.ClientCnxn Session 0x0 for server localhost/[0:0:0:0:0:0:0:1]:9983, Closing socket connection. Attempting reconnect except it is a SessionExpiredException. => java.net.ConnectException: Connection refused: no further information
	at java.base/sun.nio.ch.Net.pollConnect(Native Method)
java.net.ConnectException: Connection refused: no further information
	at sun.nio.ch.Net.pollConnect(Native Method) ~[?:?]
	at sun.nio.ch.Net.pollConnectNow(Net.java:669) ~[?:?]
	at sun.nio.ch.SocketChannelImpl.finishConnect(SocketChannelImpl.java:944) ~[?:?]
	at org.apache.zookeeper.ClientCnxnSocketNIO.doTransport(ClientCnxnSocketNIO.java:344) ~[?:?]
	at org.apache.zookeeper.ClientCnxn$SendThread.run(ClientCnxn.java:1282) ~[?:?]
2023-01-27 13:24:39.116 WARN  (main-SendThread(localhost:9983)) [] o.a.z.ClientCnxn Session 0x0 for server localhost/[0:0:0:0:0:0:0:1]:9983, Closing socket connection. Attempting reconnect except it is a SessionExpiredException. => java.net.ConnectException: Connection refused: no further information
	at java.base/sun.nio.ch.Net.pollConnect(Native Method)
java.net.ConnectException: Connection refused: no further information
	at sun.nio.ch.Net.pollConnect(Native Method) ~[?:?]
	at sun.nio.ch.Net.pollConnectNow(Net.java:669) ~[?:?]
	at sun.nio.ch.SocketChannelImpl.finishConnect(SocketChannelImpl.java:944) ~[?:?]
	at org.apache.zookeeper.ClientCnxnSocketNIO.doTransport(ClientCnxnSocketNIO.java:344) ~[?:?]
	at org.apache.zookeeper.ClientCnxn$SendThread.run(ClientCnxn.java:1282) ~[?:?]
2023-01-27 13:24:40.290 INFO  (zkConnectionManagerCallback-2-thread-1) [] o.a.s.c.c.ConnectionManager zkClient has connected
2023-01-27 13:24:40.290 INFO  (main) [] o.a.s.c.c.ConnectionManager Client is connected to ZooKeeper
2023-01-27 13:24:40.290 WARN  (main) [] o.a.s.c.c.SolrZkClient Using default ZkACLProvider. DefaultZkACLProvider is not secure, it creates 'OPEN_ACL_UNSAFE' ACLs to Zookeeper nodes
2023-01-27 13:24:40.416 INFO  (main) [] o.a.s.c.NodeConfig Loading solr.xml from SolrHome (not found in ZooKeeper)
2023-01-27 13:24:40.420 INFO  (main) [] o.a.s.c.SolrXmlConfig Loading solr.xml from D:\Application_SetupFiles\solr-9.1.1\solr-9.1.1\example\cloud\node2\solr\solr.xml
2023-01-27 13:24:40.473 INFO  (main) [] o.a.s.c.SolrResourceLoader Added 1 libs to classloader, from paths: [/D:/Application_SetupFiles/solr-9.1.1/solr-9.1.1/lib]
2023-01-27 13:24:41.281 WARN  (main) [] o.a.s.u.StartupLoggingUtils Jetty request logging enabled. Will retain logs for last 3 days. See chapter "Configuring Logging" in reference guide for how to configure.
2023-01-27 13:24:41.281 INFO  (main) [] o.a.s.c.ZkContainer Zookeeper client=localhost:9983
2023-01-27 13:24:41.289 INFO  (main) [] o.a.s.c.DistributedClusterStateUpdater Creating DistributedClusterStateUpdater with useDistributedStateUpdate=false. Solr will be using Overseer based cluster state updates.
2023-01-27 13:24:41.294 INFO  (main) [] o.a.s.c.c.ConnectionManager Waiting up to 30000ms for client to connect to ZooKeeper
2023-01-27 13:24:41.337 INFO  (zkConnectionManagerCallback-12-thread-1) [] o.a.s.c.c.ConnectionManager zkClient has connected
2023-01-27 13:24:41.337 INFO  (main) [] o.a.s.c.c.ConnectionManager Client is connected to ZooKeeper
2023-01-27 13:24:41.382 WARN  (main) [] o.a.s.c.ZkController Contents of zookeeper /security.json are world-readable; consider setting up ACLs as described in https://solr.apache.org/guide/solr/latest/deployment-guide/zookeeper-access-control.html
2023-01-27 13:24:41.391 INFO  (main) [] o.a.s.c.c.ZkStateReader Updated live nodes from ZooKeeper... (0) -> (1)
2023-01-27 13:24:41.407 INFO  (main) [] o.a.s.c.DistributedClusterStateUpdater Creating DistributedClusterStateUpdater with useDistributedStateUpdate=false. Solr will be using Overseer based cluster state updates.
2023-01-27 13:24:41.429 INFO  (main) [] o.a.s.c.ZkController Publish node=localhost:7574_solr as DOWN
2023-01-27 13:24:41.429 INFO  (main) [] o.a.s.c.TransientSolrCoreCacheDefault Allocating transient core cache for max 2147483647 cores with initial capacity of 1024
2023-01-27 13:24:41.471 INFO  (main) [] o.a.s.c.ZkController Register node as live in ZooKeeper:/live_nodes/localhost:7574_solr
2023-01-27 13:24:41.499 INFO  (zkCallback-11-thread-1) [] o.a.s.c.c.ZkStateReader Updated live nodes from ZooKeeper... (1) -> (2)
2023-01-27 13:24:41.535 WARN  (main) [] o.a.s.c.CoreContainer Not all security plugins configured!  authentication=disabled authorization=disabled.  Solr is only as secure as you make it. Consider configuring authentication/authorization before exposing Solr to users internal or external.  See https://s.apache.org/solrsecurity for more info
2023-01-27 13:24:41.759 INFO  (main) [] o.a.s.c.CorePropertiesLocator Found 0 core definitions underneath D:\Application_SetupFiles\solr-9.1.1\solr-9.1.1\example\cloud\node2\solr
2023-01-27 13:24:42.094 INFO  (main) [] o.e.j.s.h.ContextHandler Started o.e.j.w.WebAppContext@532a02d9{/solr,file:///D:/Application_SetupFiles/solr-9.1.1/solr-9.1.1/server/solr-webapp/webapp/,AVAILABLE}{D:\Application_SetupFiles\solr-9.1.1\solr-9.1.1\server/solr-webapp/webapp}
2023-01-27 13:24:42.103 INFO  (main) [] o.e.j.s.RequestLogWriter Opened D:\Application_SetupFiles\solr-9.1.1\solr-9.1.1\example\cloud\node2\logs\2023_01_27.request.log
2023-01-27 13:24:42.113 INFO  (main) [] o.e.j.s.AbstractConnector Started ServerConnector@4c4d27c8{HTTP/1.1, (http/1.1, h2c)}{127.0.0.1:7574}
2023-01-27 13:24:42.113 INFO  (main) [] o.e.j.s.Server Started @11372ms
2023-01-27 13:24:43.870 INFO  (qtp1192672907-26) [] o.a.s.s.HttpSolrCall [admin] webapp=null path=/admin/info/system params={wt=json} status=0 QTime=70
2023-01-27 13:24:43.927 INFO  (qtp1192672907-20) [] o.a.s.s.HttpSolrCall [admin] webapp=null path=/admin/collections params={action=CLUSTERSTATUS&wt=json} status=0 QTime=12
2023-01-27 13:24:45.236 INFO  (qtp1192672907-21) [] o.a.s.s.HttpSolrCall [admin] webapp=null path=/admin/info/system params={wt=json} status=0 QTime=42
2023-01-27 13:24:45.242 INFO  (qtp1192672907-25) [] o.a.s.s.HttpSolrCall [admin] webapp=null path=/admin/collections params={action=CLUSTERSTATUS&wt=json} status=0 QTime=1
2023-01-27 13:26:00.764 INFO  (qtp1192672907-28) [ x:technoproducts_shard2_replica_n1] o.a.s.h.a.CoreAdminOperation core create command qt=/admin/cores&coreNodeName=core_node3&collection.configName=technoproducts&newCollection=true&name=technoproducts_shard2_replica_n1&action=CREATE&numShards=2&collection=technoproducts&shard=shard2&wt=javabin&version=2&replicaType=NRT
2023-01-27 13:26:00.765 INFO  (qtp1192672907-20) [ x:technoproducts_shard1_replica_n2] o.a.s.h.a.CoreAdminOperation core create command qt=/admin/cores&coreNodeName=core_node5&collection.configName=technoproducts&newCollection=true&name=technoproducts_shard1_replica_n2&action=CREATE&numShards=2&collection=technoproducts&shard=shard1&wt=javabin&version=2&replicaType=NRT
2023-01-27 13:26:00.884 INFO  (qtp1192672907-28) [c:technoproducts s:shard2 r:core_node3 x:technoproducts_shard2_replica_n1] o.a.s.c.RequestParams conf resource params.json loaded . version : 0 
2023-01-27 13:26:00.884 INFO  (qtp1192672907-20) [c:technoproducts s:shard1 r:core_node5 x:technoproducts_shard1_replica_n2] o.a.s.c.RequestParams conf resource params.json loaded . version : 0 
2023-01-27 13:26:00.885 INFO  (qtp1192672907-20) [c:technoproducts s:shard1 r:core_node5 x:technoproducts_shard1_replica_n2] o.a.s.c.RequestParams request params refreshed to version 0
2023-01-27 13:26:00.885 INFO  (qtp1192672907-28) [c:technoproducts s:shard2 r:core_node3 x:technoproducts_shard2_replica_n1] o.a.s.c.RequestParams request params refreshed to version 0
2023-01-27 13:26:01.006 INFO  (qtp1192672907-28) [c:technoproducts s:shard2 r:core_node3 x:technoproducts_shard2_replica_n1] o.a.s.c.SolrResourceLoader Added 91 libs to classloader, from paths: [/D:/Application_SetupFiles/solr-9.1.1/solr-9.1.1/modules/clustering/lib, /D:/Application_SetupFiles/solr-9.1.1/solr-9.1.1/modules/extraction/lib, /D:/Application_SetupFiles/solr-9.1.1/solr-9.1.1/modules/langid/lib, /D:/Application_SetupFiles/solr-9.1.1/solr-9.1.1/modules/ltr/lib, /D:/Application_SetupFiles/solr-9.1.1/solr-9.1.1/modules/scripting/lib]
2023-01-27 13:26:01.006 INFO  (qtp1192672907-20) [c:technoproducts s:shard1 r:core_node5 x:technoproducts_shard1_replica_n2] o.a.s.c.SolrResourceLoader Added 91 libs to classloader, from paths: [/D:/Application_SetupFiles/solr-9.1.1/solr-9.1.1/modules/clustering/lib, /D:/Application_SetupFiles/solr-9.1.1/solr-9.1.1/modules/extraction/lib, /D:/Application_SetupFiles/solr-9.1.1/solr-9.1.1/modules/langid/lib, /D:/Application_SetupFiles/solr-9.1.1/solr-9.1.1/modules/ltr/lib, /D:/Application_SetupFiles/solr-9.1.1/solr-9.1.1/modules/scripting/lib]
2023-01-27 13:26:02.871 INFO  (qtp1192672907-28) [c:technoproducts s:shard2 r:core_node3 x:technoproducts_shard2_replica_n1] o.a.s.c.SolrConfig Using Lucene MatchVersion: 9.3.0
2023-01-27 13:26:02.873 INFO  (qtp1192672907-20) [c:technoproducts s:shard1 r:core_node5 x:technoproducts_shard1_replica_n2] o.a.s.c.SolrConfig Using Lucene MatchVersion: 9.3.0
2023-01-27 13:26:02.891 INFO  (qtp1192672907-28) [c:technoproducts s:shard2 r:core_node3 x:technoproducts_shard2_replica_n1] o.a.s.u.SolrIndexConfig IndexWriter infoStream solr logging is enabled
2023-01-27 13:26:02.891 INFO  (qtp1192672907-20) [c:technoproducts s:shard1 r:core_node5 x:technoproducts_shard1_replica_n2] o.a.s.u.SolrIndexConfig IndexWriter infoStream solr logging is enabled
2023-01-27 13:26:03.073 INFO  (qtp1192672907-20) [c:technoproducts s:shard1 r:core_node5 x:technoproducts_shard1_replica_n2] o.a.s.s.IndexSchema Schema name=example
2023-01-27 13:26:03.073 INFO  (qtp1192672907-28) [c:technoproducts s:shard2 r:core_node3 x:technoproducts_shard2_replica_n1] o.a.s.s.IndexSchema Schema name=example
2023-01-27 13:26:03.621 INFO  (qtp1192672907-20) [c:technoproducts s:shard1 r:core_node5 x:technoproducts_shard1_replica_n2] o.a.s.r.RestManager Registered ManagedResource impl org.apache.solr.rest.schema.analysis.ManagedWordSetResource for path /schema/analysis/stopwords/english
2023-01-27 13:26:03.621 INFO  (qtp1192672907-28) [c:technoproducts s:shard2 r:core_node3 x:technoproducts_shard2_replica_n1] o.a.s.r.RestManager Registered ManagedResource impl org.apache.solr.rest.schema.analysis.ManagedWordSetResource for path /schema/analysis/stopwords/english
2023-01-27 13:26:03.622 INFO  (qtp1192672907-28) [c:technoproducts s:shard2 r:core_node3 x:technoproducts_shard2_replica_n1] o.a.s.r.RestManager Registered ManagedResource impl org.apache.solr.rest.schema.analysis.ManagedSynonymGraphFilterFactory$SynonymManager for path /schema/analysis/synonyms/english
2023-01-27 13:26:03.622 INFO  (qtp1192672907-20) [c:technoproducts s:shard1 r:core_node5 x:technoproducts_shard1_replica_n2] o.a.s.r.RestManager Registered ManagedResource impl org.apache.solr.rest.schema.analysis.ManagedSynonymGraphFilterFactory$SynonymManager for path /schema/analysis/synonyms/english
2023-01-27 13:26:03.623 INFO  (qtp1192672907-28) [c:technoproducts s:shard2 r:core_node3 x:technoproducts_shard2_replica_n1] o.a.s.r.RestManager Added observer of type org.apache.solr.rest.schema.analysis.ManagedStopFilterFactory to existing ManagedResource /schema/analysis/stopwords/english
2023-01-27 13:26:03.623 INFO  (qtp1192672907-20) [c:technoproducts s:shard1 r:core_node5 x:technoproducts_shard1_replica_n2] o.a.s.r.RestManager Added observer of type org.apache.solr.rest.schema.analysis.ManagedStopFilterFactory to existing ManagedResource /schema/analysis/stopwords/english
2023-01-27 13:26:03.623 INFO  (qtp1192672907-28) [c:technoproducts s:shard2 r:core_node3 x:technoproducts_shard2_replica_n1] o.a.s.r.RestManager Added observer of type org.apache.solr.rest.schema.analysis.ManagedSynonymGraphFilterFactory to existing ManagedResource /schema/analysis/synonyms/english
2023-01-27 13:26:03.623 INFO  (qtp1192672907-20) [c:technoproducts s:shard1 r:core_node5 x:technoproducts_shard1_replica_n2] o.a.s.r.RestManager Added observer of type org.apache.solr.rest.schema.analysis.ManagedSynonymGraphFilterFactory to existing ManagedResource /schema/analysis/synonyms/english
2023-01-27 13:26:03.645 INFO  (qtp1192672907-28) [c:technoproducts s:shard2 r:core_node3 x:technoproducts_shard2_replica_n1] o.a.s.s.IndexSchema Loaded schema example/1.6 with uniqueid field id
2023-01-27 13:26:03.646 INFO  (qtp1192672907-20) [c:technoproducts s:shard1 r:core_node5 x:technoproducts_shard1_replica_n2] o.a.s.s.IndexSchema Loaded schema example/1.6 with uniqueid field id
2023-01-27 13:26:03.700 INFO  (qtp1192672907-28) [c:technoproducts s:shard2 r:core_node3 x:technoproducts_shard2_replica_n1] o.a.s.c.CoreContainer Creating SolrCore 'technoproducts_shard2_replica_n1' using configuration from configset technoproducts, trusted=true
2023-01-27 13:26:03.701 INFO  (qtp1192672907-20) [c:technoproducts s:shard1 r:core_node5 x:technoproducts_shard1_replica_n2] o.a.s.c.CoreContainer Creating SolrCore 'technoproducts_shard1_replica_n2' using configuration from configset technoproducts, trusted=true
2023-01-27 13:26:03.744 INFO  (qtp1192672907-20) [c:technoproducts s:shard1 r:core_node5 x:technoproducts_shard1_replica_n2] o.a.s.c.SolrCore Opening new SolrCore at [D:\Application_SetupFiles\solr-9.1.1\solr-9.1.1\example\cloud\node2\solr\technoproducts_shard1_replica_n2], dataDir=[D:\Application_SetupFiles\solr-9.1.1\solr-9.1.1\example\cloud\node2\solr\technoproducts_shard1_replica_n2\data\]
2023-01-27 13:26:03.744 INFO  (qtp1192672907-28) [c:technoproducts s:shard2 r:core_node3 x:technoproducts_shard2_replica_n1] o.a.s.c.SolrCore Opening new SolrCore at [D:\Application_SetupFiles\solr-9.1.1\solr-9.1.1\example\cloud\node2\solr\technoproducts_shard2_replica_n1], dataDir=[D:\Application_SetupFiles\solr-9.1.1\solr-9.1.1\example\cloud\node2\solr\technoproducts_shard2_replica_n1\data\]
2023-01-27 13:26:04.533 INFO  (qtp1192672907-20) [c:technoproducts s:shard1 r:core_node5 x:technoproducts_shard1_replica_n2] o.a.s.u.UpdateHandler Using UpdateLog implementation: org.apache.solr.update.UpdateLog
2023-01-27 13:26:04.533 INFO  (qtp1192672907-28) [c:technoproducts s:shard2 r:core_node3 x:technoproducts_shard2_replica_n1] o.a.s.u.UpdateHandler Using UpdateLog implementation: org.apache.solr.update.UpdateLog
2023-01-27 13:26:04.534 INFO  (qtp1192672907-28) [c:technoproducts s:shard2 r:core_node3 x:technoproducts_shard2_replica_n1] o.a.s.u.UpdateLog Initializing UpdateLog: dataDir= defaultSyncLevel=FLUSH numRecordsToKeep=100 maxNumLogsToKeep=10 numVersionBuckets=65536
2023-01-27 13:26:04.534 INFO  (qtp1192672907-20) [c:technoproducts s:shard1 r:core_node5 x:technoproducts_shard1_replica_n2] o.a.s.u.UpdateLog Initializing UpdateLog: dataDir= defaultSyncLevel=FLUSH numRecordsToKeep=100 maxNumLogsToKeep=10 numVersionBuckets=65536
2023-01-27 13:26:04.567 INFO  (qtp1192672907-28) [c:technoproducts s:shard2 r:core_node3 x:technoproducts_shard2_replica_n1] o.a.s.u.CommitTracker Hard AutoCommit: if uncommitted for 15000ms; 
2023-01-27 13:26:04.567 INFO  (qtp1192672907-20) [c:technoproducts s:shard1 r:core_node5 x:technoproducts_shard1_replica_n2] o.a.s.u.CommitTracker Hard AutoCommit: if uncommitted for 15000ms; 
2023-01-27 13:26:04.567 INFO  (qtp1192672907-28) [c:technoproducts s:shard2 r:core_node3 x:technoproducts_shard2_replica_n1] o.a.s.u.CommitTracker Soft AutoCommit: disabled
2023-01-27 13:26:04.567 INFO  (qtp1192672907-20) [c:technoproducts s:shard1 r:core_node5 x:technoproducts_shard1_replica_n2] o.a.s.u.CommitTracker Soft AutoCommit: disabled
2023-01-27 13:26:04.657 INFO  (qtp1192672907-20) [c:technoproducts s:shard1 r:core_node5 x:technoproducts_shard1_replica_n2] o.a.s.r.ManagedResourceStorage Configured ZooKeeperStorageIO with znodeBase: /configs/technoproducts
2023-01-27 13:26:04.657 INFO  (qtp1192672907-28) [c:technoproducts s:shard2 r:core_node3 x:technoproducts_shard2_replica_n1] o.a.s.r.ManagedResourceStorage Configured ZooKeeperStorageIO with znodeBase: /configs/technoproducts
2023-01-27 13:26:04.660 INFO  (qtp1192672907-20) [c:technoproducts s:shard1 r:core_node5 x:technoproducts_shard1_replica_n2] o.a.s.r.ManagedResourceStorage Loaded LinkedHashMap at path _rest_managed.json using ZooKeeperStorageIO:path=/configs/technoproducts
2023-01-27 13:26:04.660 INFO  (qtp1192672907-28) [c:technoproducts s:shard2 r:core_node3 x:technoproducts_shard2_replica_n1] o.a.s.r.ManagedResourceStorage Loaded LinkedHashMap at path _rest_managed.json using ZooKeeperStorageIO:path=/configs/technoproducts
2023-01-27 13:26:04.660 INFO  (qtp1192672907-20) [c:technoproducts s:shard1 r:core_node5 x:technoproducts_shard1_replica_n2] o.a.s.r.ManagedResource Loaded initArgs {} for /rest/managed
2023-01-27 13:26:04.660 INFO  (qtp1192672907-28) [c:technoproducts s:shard2 r:core_node3 x:technoproducts_shard2_replica_n1] o.a.s.r.ManagedResource Loaded initArgs {} for /rest/managed
2023-01-27 13:26:04.663 INFO  (qtp1192672907-20) [c:technoproducts s:shard1 r:core_node5 x:technoproducts_shard1_replica_n2] o.a.s.r.ManagedResourceStorage Loaded LinkedHashMap at path _schema_analysis_stopwords_english.json using ZooKeeperStorageIO:path=/configs/technoproducts
2023-01-27 13:26:04.663 INFO  (qtp1192672907-28) [c:technoproducts s:shard2 r:core_node3 x:technoproducts_shard2_replica_n1] o.a.s.r.ManagedResourceStorage Loaded LinkedHashMap at path _schema_analysis_stopwords_english.json using ZooKeeperStorageIO:path=/configs/technoproducts
2023-01-27 13:26:04.663 INFO  (qtp1192672907-28) [c:technoproducts s:shard2 r:core_node3 x:technoproducts_shard2_replica_n1] o.a.s.r.ManagedResource Loaded initArgs {ignoreCase=true} for /schema/analysis/stopwords/english
2023-01-27 13:26:04.663 INFO  (qtp1192672907-20) [c:technoproducts s:shard1 r:core_node5 x:technoproducts_shard1_replica_n2] o.a.s.r.ManagedResource Loaded initArgs {ignoreCase=true} for /schema/analysis/stopwords/english
2023-01-27 13:26:04.663 INFO  (qtp1192672907-20) [c:technoproducts s:shard1 r:core_node5 x:technoproducts_shard1_replica_n2] o.a.s.r.s.a.ManagedWordSetResource Loaded 35 words for /schema/analysis/stopwords/english
2023-01-27 13:26:04.663 INFO  (qtp1192672907-20) [c:technoproducts s:shard1 r:core_node5 x:technoproducts_shard1_replica_n2] o.a.s.r.ManagedResource Notified 2 observers of /schema/analysis/stopwords/english
2023-01-27 13:26:04.663 INFO  (qtp1192672907-28) [c:technoproducts s:shard2 r:core_node3 x:technoproducts_shard2_replica_n1] o.a.s.r.s.a.ManagedWordSetResource Loaded 35 words for /schema/analysis/stopwords/english
2023-01-27 13:26:04.664 INFO  (qtp1192672907-28) [c:technoproducts s:shard2 r:core_node3 x:technoproducts_shard2_replica_n1] o.a.s.r.ManagedResource Notified 2 observers of /schema/analysis/stopwords/english
2023-01-27 13:26:04.665 INFO  (qtp1192672907-28) [c:technoproducts s:shard2 r:core_node3 x:technoproducts_shard2_replica_n1] o.a.s.r.ManagedResourceStorage Loaded LinkedHashMap at path _schema_analysis_synonyms_english.json using ZooKeeperStorageIO:path=/configs/technoproducts
2023-01-27 13:26:04.665 INFO  (qtp1192672907-20) [c:technoproducts s:shard1 r:core_node5 x:technoproducts_shard1_replica_n2] o.a.s.r.ManagedResourceStorage Loaded LinkedHashMap at path _schema_analysis_synonyms_english.json using ZooKeeperStorageIO:path=/configs/technoproducts
2023-01-27 13:26:04.665 INFO  (qtp1192672907-28) [c:technoproducts s:shard2 r:core_node3 x:technoproducts_shard2_replica_n1] o.a.s.r.ManagedResource Loaded initArgs {ignoreCase=true, format=solr} for /schema/analysis/synonyms/english
2023-01-27 13:26:04.665 INFO  (qtp1192672907-20) [c:technoproducts s:shard1 r:core_node5 x:technoproducts_shard1_replica_n2] o.a.s.r.ManagedResource Loaded initArgs {ignoreCase=true, format=solr} for /schema/analysis/synonyms/english
2023-01-27 13:26:04.665 INFO  (qtp1192672907-28) [c:technoproducts s:shard2 r:core_node3 x:technoproducts_shard2_replica_n1] o.a.s.r.s.a.ManagedSynonymGraphFilterFactory Loaded 3 synonym mappings for /schema/analysis/synonyms/english
2023-01-27 13:26:04.665 INFO  (qtp1192672907-20) [c:technoproducts s:shard1 r:core_node5 x:technoproducts_shard1_replica_n2] o.a.s.r.s.a.ManagedSynonymGraphFilterFactory Loaded 3 synonym mappings for /schema/analysis/synonyms/english
2023-01-27 13:26:04.667 INFO  (qtp1192672907-20) [c:technoproducts s:shard1 r:core_node5 x:technoproducts_shard1_replica_n2] o.a.s.r.ManagedResource Notified 2 observers of /schema/analysis/synonyms/english
2023-01-27 13:26:04.667 INFO  (qtp1192672907-28) [c:technoproducts s:shard2 r:core_node3 x:technoproducts_shard2_replica_n1] o.a.s.r.ManagedResource Notified 2 observers of /schema/analysis/synonyms/english
2023-01-27 13:26:04.671 INFO  (qtp1192672907-28) [c:technoproducts s:shard2 r:core_node3 x:technoproducts_shard2_replica_n1] o.a.s.s.ZkIndexSchemaReader Creating ZooKeeper watch for the managed schema at /configs/technoproducts/managed-schema.xml
2023-01-27 13:26:04.671 INFO  (qtp1192672907-20) [c:technoproducts s:shard1 r:core_node5 x:technoproducts_shard1_replica_n2] o.a.s.s.ZkIndexSchemaReader Creating ZooKeeper watch for the managed schema at /configs/technoproducts/managed-schema.xml
2023-01-27 13:26:04.672 INFO  (qtp1192672907-20) [c:technoproducts s:shard1 r:core_node5 x:technoproducts_shard1_replica_n2] o.a.s.s.ZkIndexSchemaReader Current schema version 0 is already the latest
2023-01-27 13:26:04.672 INFO  (qtp1192672907-28) [c:technoproducts s:shard2 r:core_node3 x:technoproducts_shard2_replica_n1] o.a.s.s.ZkIndexSchemaReader Current schema version 0 is already the latest
2023-01-27 13:26:04.688 INFO  (qtp1192672907-28) [c:technoproducts s:shard2 r:core_node3 x:technoproducts_shard2_replica_n1] o.a.s.s.DirectSolrSpellChecker init: {accuracy=0.5, maxQueryFrequency=0.01, maxEdits=2, minPrefix=1, maxInspections=5, minQueryLength=4, name=default, field=text, classname=solr.DirectSolrSpellChecker, distanceMeasure=internal}
2023-01-27 13:26:04.688 INFO  (qtp1192672907-20) [c:technoproducts s:shard1 r:core_node5 x:technoproducts_shard1_replica_n2] o.a.s.s.DirectSolrSpellChecker init: {accuracy=0.5, maxQueryFrequency=0.01, maxEdits=2, minPrefix=1, maxInspections=5, minQueryLength=4, name=default, field=text, classname=solr.DirectSolrSpellChecker, distanceMeasure=internal}
2023-01-27 13:26:04.696 INFO  (qtp1192672907-28) [c:technoproducts s:shard2 r:core_node3 x:technoproducts_shard2_replica_n1] o.a.s.h.c.SuggestComponent Initializing SuggestComponent
2023-01-27 13:26:04.696 INFO  (qtp1192672907-20) [c:technoproducts s:shard1 r:core_node5 x:technoproducts_shard1_replica_n2] o.a.s.h.c.SuggestComponent Initializing SuggestComponent
2023-01-27 13:26:04.700 INFO  (qtp1192672907-28) [c:technoproducts s:shard2 r:core_node3 x:technoproducts_shard2_replica_n1] o.a.s.s.s.SolrSuggester init: {name=mySuggester, lookupImpl=FuzzyLookupFactory, dictionaryImpl=DocumentDictionaryFactory, field=cat, weightField=price, suggestAnalyzerFieldType=string, buildOnStartup=false}
2023-01-27 13:26:04.700 INFO  (qtp1192672907-20) [c:technoproducts s:shard1 r:core_node5 x:technoproducts_shard1_replica_n2] o.a.s.s.s.SolrSuggester init: {name=mySuggester, lookupImpl=FuzzyLookupFactory, dictionaryImpl=DocumentDictionaryFactory, field=cat, weightField=price, suggestAnalyzerFieldType=string, buildOnStartup=false}
2023-01-27 13:26:04.711 INFO  (qtp1192672907-28) [c:technoproducts s:shard2 r:core_node3 x:technoproducts_shard2_replica_n1] o.a.s.s.s.SolrSuggester Dictionary loaded with params: {name=mySuggester, lookupImpl=FuzzyLookupFactory, dictionaryImpl=DocumentDictionaryFactory, field=cat, weightField=price, suggestAnalyzerFieldType=string, buildOnStartup=false}
2023-01-27 13:26:04.711 INFO  (qtp1192672907-20) [c:technoproducts s:shard1 r:core_node5 x:technoproducts_shard1_replica_n2] o.a.s.s.s.SolrSuggester Dictionary loaded with params: {name=mySuggester, lookupImpl=FuzzyLookupFactory, dictionaryImpl=DocumentDictionaryFactory, field=cat, weightField=price, suggestAnalyzerFieldType=string, buildOnStartup=false}
2023-01-27 13:26:04.726 INFO  (qtp1192672907-28) [c:technoproducts s:shard2 r:core_node3 x:technoproducts_shard2_replica_n1] o.a.s.h.ReplicationHandler Commits will be reserved for 10000 ms
2023-01-27 13:26:04.726 INFO  (qtp1192672907-20) [c:technoproducts s:shard1 r:core_node5 x:technoproducts_shard1_replica_n2] o.a.s.h.ReplicationHandler Commits will be reserved for 10000 ms
2023-01-27 13:26:04.732 INFO  (qtp1192672907-28) [c:technoproducts s:shard2 r:core_node3 x:technoproducts_shard2_replica_n1] o.a.s.u.UpdateLog Could not find max version in index or recent updates, using new clock 1756182310794821632
2023-01-27 13:26:04.732 INFO  (qtp1192672907-20) [c:technoproducts s:shard1 r:core_node5 x:technoproducts_shard1_replica_n2] o.a.s.u.UpdateLog Could not find max version in index or recent updates, using new clock 1756182310794821632
2023-01-27 13:26:04.849 INFO  (searcherExecutor-21-thread-1-processing-localhost:7574_solr technoproducts_shard2_replica_n1 technoproducts shard2 core_node3) [c:technoproducts s:shard2 r:core_node3 x:technoproducts_shard2_replica_n1] o.a.s.c.S.Request webapp=null path=null params={q=static+firstSearcher+warming+in+solrconfig.xml&distrib=false&event=firstSearcher} hits=0 status=0 QTime=104
2023-01-27 13:26:04.849 INFO  (searcherExecutor-20-thread-1-processing-localhost:7574_solr technoproducts_shard1_replica_n2 technoproducts shard1 core_node5) [c:technoproducts s:shard1 r:core_node5 x:technoproducts_shard1_replica_n2] o.a.s.c.S.Request webapp=null path=null params={q=static+firstSearcher+warming+in+solrconfig.xml&distrib=false&event=firstSearcher} hits=0 status=0 QTime=104
2023-01-27 13:26:04.850 INFO  (searcherExecutor-21-thread-1-processing-localhost:7574_solr technoproducts_shard2_replica_n1 technoproducts shard2 core_node3) [c:technoproducts s:shard2 r:core_node3 x:technoproducts_shard2_replica_n1] o.a.s.c.QuerySenderListener QuerySenderListener done.
2023-01-27 13:26:04.850 INFO  (searcherExecutor-21-thread-1-processing-localhost:7574_solr technoproducts_shard2_replica_n1 technoproducts shard2 core_node3) [c:technoproducts s:shard2 r:core_node3 x:technoproducts_shard2_replica_n1] o.a.s.h.c.SpellCheckComponent Loading spell index for spellchecker: default
2023-01-27 13:26:04.850 INFO  (searcherExecutor-21-thread-1-processing-localhost:7574_solr technoproducts_shard2_replica_n1 technoproducts shard2 core_node3) [c:technoproducts s:shard2 r:core_node3 x:technoproducts_shard2_replica_n1] o.a.s.h.c.SpellCheckComponent Loading spell index for spellchecker: wordbreak
2023-01-27 13:26:04.851 INFO  (searcherExecutor-20-thread-1-processing-localhost:7574_solr technoproducts_shard1_replica_n2 technoproducts shard1 core_node5) [c:technoproducts s:shard1 r:core_node5 x:technoproducts_shard1_replica_n2] o.a.s.c.QuerySenderListener QuerySenderListener done.
2023-01-27 13:26:04.851 INFO  (searcherExecutor-20-thread-1-processing-localhost:7574_solr technoproducts_shard1_replica_n2 technoproducts shard1 core_node5) [c:technoproducts s:shard1 r:core_node5 x:technoproducts_shard1_replica_n2] o.a.s.h.c.SpellCheckComponent Loading spell index for spellchecker: default
2023-01-27 13:26:04.851 INFO  (searcherExecutor-20-thread-1-processing-localhost:7574_solr technoproducts_shard1_replica_n2 technoproducts shard1 core_node5) [c:technoproducts s:shard1 r:core_node5 x:technoproducts_shard1_replica_n2] o.a.s.h.c.SpellCheckComponent Loading spell index for spellchecker: wordbreak
2023-01-27 13:26:04.862 INFO  (searcherExecutor-20-thread-1-processing-localhost:7574_solr technoproducts_shard1_replica_n2 technoproducts shard1 core_node5) [c:technoproducts s:shard1 r:core_node5 x:technoproducts_shard1_replica_n2] o.a.s.c.SolrCore Registered new searcher autowarm time: 0 ms
2023-01-27 13:26:04.862 INFO  (searcherExecutor-21-thread-1-processing-localhost:7574_solr technoproducts_shard2_replica_n1 technoproducts shard2 core_node3) [c:technoproducts s:shard2 r:core_node3 x:technoproducts_shard2_replica_n1] o.a.s.c.SolrCore Registered new searcher autowarm time: 0 ms
2023-01-27 13:26:04.880 INFO  (qtp1192672907-28) [c:technoproducts s:shard2 r:core_node3 x:technoproducts_shard2_replica_n1] o.a.s.c.ZkShardTerms Successful update of terms at /collections/technoproducts/terms/shard2 to Terms{values={core_node3=0}, version=0} for registerTerm
2023-01-27 13:26:04.994 INFO  (qtp1192672907-20) [c:technoproducts s:shard1 r:core_node5 x:technoproducts_shard1_replica_n2] o.a.s.c.ZkShardTerms Successful update of terms at /collections/technoproducts/terms/shard1 to Terms{values={core_node8=0, core_node5=0}, version=1} for registerTerm
2023-01-27 13:26:05.001 INFO  (qtp1192672907-20) [c:technoproducts s:shard1 r:core_node5 x:technoproducts_shard1_replica_n2] o.a.s.c.ShardLeaderElectionContextBase make sure parent is created /collections/technoproducts/leaders/shard1
2023-01-27 13:26:05.001 INFO  (qtp1192672907-28) [c:technoproducts s:shard2 r:core_node3 x:technoproducts_shard2_replica_n1] o.a.s.c.ShardLeaderElectionContextBase make sure parent is created /collections/technoproducts/leaders/shard2
2023-01-27 13:26:05.227 INFO  (qtp1192672907-24) [c:technoproducts s:shard1 r:core_node5 x:technoproducts_shard1_replica_n2] o.a.s.c.S.Request webapp=/solr path=/get params={distrib=false&qt=/get&fingerprint=false&getVersions=100&wt=javabin&version=2} status=0 QTime=2
2023-01-27 13:26:05.234 INFO  (qtp1192672907-21) [c:technoproducts s:shard2 r:core_node3 x:technoproducts_shard2_replica_n1] o.a.s.c.S.Request webapp=/solr path=/get params={distrib=false&qt=/get&fingerprint=false&getVersions=100&wt=javabin&version=2} status=0 QTime=0
2023-01-27 13:26:06.244 INFO  (qtp1192672907-28) [] o.a.s.s.HttpSolrCall [admin] webapp=null path=/admin/cores params={qt=/admin/cores&coreNodeName=core_node3&collection.configName=technoproducts&newCollection=true&name=technoproducts_shard2_replica_n1&action=CREATE&numShards=2&collection=technoproducts&shard=shard2&wt=javabin&version=2&replicaType=NRT} status=0 QTime=5481
2023-01-27 13:26:06.259 INFO  (qtp1192672907-20) [] o.a.s.s.HttpSolrCall [admin] webapp=null path=/admin/cores params={qt=/admin/cores&coreNodeName=core_node5&collection.configName=technoproducts&newCollection=true&name=technoproducts_shard1_replica_n2&action=CREATE&numShards=2&collection=technoproducts&shard=shard1&wt=javabin&version=2&replicaType=NRT} status=0 QTime=5496
2023-01-27 13:26:06.371 INFO  (zkCallback-11-thread-2) [] o.a.s.c.c.ZkStateReader A cluster state change: [WatchedEvent state:SyncConnected type:NodeDataChanged path:/collections/technoproducts/state.json] for collection [technoproducts] has occurred - updating... (live nodes size: [2])
2023-01-27 13:26:06.371 INFO  (zkCallback-11-thread-3) [] o.a.s.c.c.ZkStateReader A cluster state change: [WatchedEvent state:SyncConnected type:NodeDataChanged path:/collections/technoproducts/state.json] for collection [technoproducts] has occurred - updating... (live nodes size: [2])
2023-01-27 13:26:06.550 INFO  (coreZkRegister-3-thread-1) [] o.a.s.c.SolrCore config update listener called for core technoproducts_shard1_replica_n2
2023-01-27 13:26:06.552 INFO  (coreZkRegister-3-thread-1) [] o.a.s.c.SolrCore core reload technoproducts_shard1_replica_n2
2023-01-27 13:26:06.564 INFO  (coreZkRegister-3-thread-1) [] o.a.s.c.RequestParams conf resource params.json loaded . version : 0 
2023-01-27 13:26:06.564 INFO  (coreZkRegister-3-thread-1) [] o.a.s.c.RequestParams request params refreshed to version 0
2023-01-27 13:26:06.569 INFO  (coreZkRegister-3-thread-1) [] o.a.s.c.SolrResourceLoader Added 91 libs to classloader, from paths: [/D:/Application_SetupFiles/solr-9.1.1/solr-9.1.1/modules/clustering/lib, /D:/Application_SetupFiles/solr-9.1.1/solr-9.1.1/modules/extraction/lib, /D:/Application_SetupFiles/solr-9.1.1/solr-9.1.1/modules/langid/lib, /D:/Application_SetupFiles/solr-9.1.1/solr-9.1.1/modules/ltr/lib, /D:/Application_SetupFiles/solr-9.1.1/solr-9.1.1/modules/scripting/lib]
2023-01-27 13:26:06.596 INFO  (coreZkRegister-3-thread-1) [] o.a.s.c.SolrConfig Using Lucene MatchVersion: 9.3.0
2023-01-27 13:26:06.597 INFO  (coreZkRegister-3-thread-1) [] o.a.s.u.SolrIndexConfig IndexWriter infoStream solr logging is enabled
2023-01-27 13:26:06.600 INFO  (coreZkRegister-3-thread-1) [] o.a.s.s.IndexSchema Schema name=example
2023-01-27 13:26:06.655 INFO  (coreZkRegister-3-thread-1) [] o.a.s.r.RestManager Registered ManagedResource impl org.apache.solr.rest.schema.analysis.ManagedWordSetResource for path /schema/analysis/stopwords/english
2023-01-27 13:26:06.655 INFO  (coreZkRegister-3-thread-1) [] o.a.s.r.RestManager Registered ManagedResource impl org.apache.solr.rest.schema.analysis.ManagedSynonymGraphFilterFactory$SynonymManager for path /schema/analysis/synonyms/english
2023-01-27 13:26:06.655 INFO  (coreZkRegister-3-thread-1) [] o.a.s.r.RestManager Added observer of type org.apache.solr.rest.schema.analysis.ManagedStopFilterFactory to existing ManagedResource /schema/analysis/stopwords/english
2023-01-27 13:26:06.655 INFO  (coreZkRegister-3-thread-1) [] o.a.s.r.RestManager Added observer of type org.apache.solr.rest.schema.analysis.ManagedSynonymGraphFilterFactory to existing ManagedResource /schema/analysis/synonyms/english
2023-01-27 13:26:06.659 INFO  (coreZkRegister-3-thread-1) [] o.a.s.s.IndexSchema Loaded schema example/1.6 with uniqueid field id
2023-01-27 13:26:06.677 INFO  (coreZkRegister-3-thread-1) [] o.a.s.c.CoreContainer Reloading SolrCore 'technoproducts_shard1_replica_n2' using configuration from configset technoproducts
2023-01-27 13:26:06.733 INFO  (qtp1192672907-27) [c:technoproducts s:shard2 r:core_node3 x:technoproducts_shard2_replica_n1] o.a.s.h.SolrConfigHandler expecting overlay version 0 but my version is -1
2023-01-27 13:26:06.733 INFO  (qtp1192672907-25) [c:technoproducts s:shard1 r:core_node5 x:technoproducts_shard1_replica_n2] o.a.s.h.SolrConfigHandler expecting overlay version 0 but my version is -1
2023-01-27 13:26:06.734 INFO  (qtp1192672907-25) [c:technoproducts s:shard1 r:core_node5 x:technoproducts_shard1_replica_n2] o.a.s.c.S.Request webapp=/solr path=/config/znodeVersion params={overlay=0&wt=javabin&version=2} status=0 QTime=4
2023-01-27 13:26:06.734 INFO  (qtp1192672907-27) [c:technoproducts s:shard2 r:core_node3 x:technoproducts_shard2_replica_n1] o.a.s.c.S.Request webapp=/solr path=/config/znodeVersion params={overlay=0&wt=javabin&version=2} status=0 QTime=3
2023-01-27 13:26:06.743 INFO  (SolrConfigHandler-refreshconf) [] o.a.s.h.SolrConfigHandler Another reload is in progress . Not doing anything
2023-01-27 13:26:06.744 INFO  (coreZkRegister-3-thread-1) [] o.a.s.c.SolrCore Opening new SolrCore at [D:\Application_SetupFiles\solr-9.1.1\solr-9.1.1\example\cloud\node2\solr\technoproducts_shard1_replica_n2], dataDir=[D:\Application_SetupFiles\solr-9.1.1\solr-9.1.1\example\cloud\node2\solr\technoproducts_shard1_replica_n2\data\]
2023-01-27 13:26:06.747 INFO  (SolrConfigHandler-refreshconf) [] o.a.s.h.SolrConfigHandler Trying to update my configs
2023-01-27 13:26:06.748 INFO  (SolrConfigHandler-refreshconf) [] o.a.s.c.SolrCore config update listener called for core technoproducts_shard2_replica_n1
2023-01-27 13:26:06.752 INFO  (SolrConfigHandler-refreshconf) [] o.a.s.c.SolrCore core reload technoproducts_shard2_replica_n1
2023-01-27 13:26:06.807 INFO  (coreZkRegister-3-thread-1) [] o.a.s.u.CommitTracker Hard AutoCommit: if uncommitted for 15000ms; 
2023-01-27 13:26:06.808 INFO  (coreZkRegister-3-thread-1) [] o.a.s.u.CommitTracker Soft AutoCommit: if uncommitted for 3000ms; 
2023-01-27 13:26:06.820 INFO  (coreZkRegister-3-thread-1) [] o.a.s.r.ManagedResourceStorage Configured ZooKeeperStorageIO with znodeBase: /configs/technoproducts
2023-01-27 13:26:06.822 INFO  (SolrConfigHandler-refreshconf) [] o.a.s.c.RequestParams conf resource params.json loaded . version : 0 
2023-01-27 13:26:06.822 INFO  (SolrConfigHandler-refreshconf) [] o.a.s.c.RequestParams request params refreshed to version 0
2023-01-27 13:26:06.825 INFO  (coreZkRegister-3-thread-1) [] o.a.s.r.ManagedResourceStorage Loaded LinkedHashMap at path _rest_managed.json using ZooKeeperStorageIO:path=/configs/technoproducts
2023-01-27 13:26:06.825 INFO  (coreZkRegister-3-thread-1) [] o.a.s.r.ManagedResource Loaded initArgs {} for /rest/managed
2023-01-27 13:26:06.831 INFO  (SolrConfigHandler-refreshconf) [] o.a.s.c.SolrResourceLoader Added 91 libs to classloader, from paths: [/D:/Application_SetupFiles/solr-9.1.1/solr-9.1.1/modules/clustering/lib, /D:/Application_SetupFiles/solr-9.1.1/solr-9.1.1/modules/extraction/lib, /D:/Application_SetupFiles/solr-9.1.1/solr-9.1.1/modules/langid/lib, /D:/Application_SetupFiles/solr-9.1.1/solr-9.1.1/modules/ltr/lib, /D:/Application_SetupFiles/solr-9.1.1/solr-9.1.1/modules/scripting/lib]
2023-01-27 13:26:06.838 INFO  (coreZkRegister-3-thread-1) [] o.a.s.r.ManagedResourceStorage Loaded LinkedHashMap at path _schema_analysis_stopwords_english.json using ZooKeeperStorageIO:path=/configs/technoproducts
2023-01-27 13:26:06.838 INFO  (coreZkRegister-3-thread-1) [] o.a.s.r.ManagedResource Loaded initArgs {ignoreCase=true} for /schema/analysis/stopwords/english
2023-01-27 13:26:06.838 INFO  (coreZkRegister-3-thread-1) [] o.a.s.r.s.a.ManagedWordSetResource Loaded 35 words for /schema/analysis/stopwords/english
2023-01-27 13:26:06.839 INFO  (coreZkRegister-3-thread-1) [] o.a.s.r.ManagedResource Notified 2 observers of /schema/analysis/stopwords/english
2023-01-27 13:26:06.842 INFO  (coreZkRegister-3-thread-1) [] o.a.s.r.ManagedResourceStorage Loaded LinkedHashMap at path _schema_analysis_synonyms_english.json using ZooKeeperStorageIO:path=/configs/technoproducts
2023-01-27 13:26:06.843 INFO  (coreZkRegister-3-thread-1) [] o.a.s.r.ManagedResource Loaded initArgs {ignoreCase=true, format=solr} for /schema/analysis/synonyms/english
2023-01-27 13:26:06.843 INFO  (coreZkRegister-3-thread-1) [] o.a.s.r.s.a.ManagedSynonymGraphFilterFactory Loaded 3 synonym mappings for /schema/analysis/synonyms/english
2023-01-27 13:26:06.843 INFO  (coreZkRegister-3-thread-1) [] o.a.s.r.ManagedResource Notified 2 observers of /schema/analysis/synonyms/english
2023-01-27 13:26:06.844 INFO  (coreZkRegister-3-thread-1) [] o.a.s.s.ZkIndexSchemaReader Creating ZooKeeper watch for the managed schema at /configs/technoproducts/managed-schema.xml
2023-01-27 13:26:06.845 INFO  (coreZkRegister-3-thread-1) [] o.a.s.s.ZkIndexSchemaReader Current schema version 0 is already the latest
2023-01-27 13:26:06.846 INFO  (coreZkRegister-3-thread-1) [] o.a.s.s.DirectSolrSpellChecker init: {accuracy=0.5, maxQueryFrequency=0.01, maxEdits=2, minPrefix=1, maxInspections=5, minQueryLength=4, name=default, field=text, classname=solr.DirectSolrSpellChecker, distanceMeasure=internal}
2023-01-27 13:26:06.846 INFO  (coreZkRegister-3-thread-1) [] o.a.s.h.c.SuggestComponent Initializing SuggestComponent
2023-01-27 13:26:06.846 INFO  (coreZkRegister-3-thread-1) [] o.a.s.s.s.SolrSuggester init: {name=mySuggester, lookupImpl=FuzzyLookupFactory, dictionaryImpl=DocumentDictionaryFactory, field=cat, weightField=price, suggestAnalyzerFieldType=string, buildOnStartup=false}
2023-01-27 13:26:06.846 INFO  (coreZkRegister-3-thread-1) [] o.a.s.s.s.SolrSuggester Dictionary loaded with params: {name=mySuggester, lookupImpl=FuzzyLookupFactory, dictionaryImpl=DocumentDictionaryFactory, field=cat, weightField=price, suggestAnalyzerFieldType=string, buildOnStartup=false}
2023-01-27 13:26:06.850 INFO  (coreZkRegister-3-thread-1) [] o.a.s.h.ReplicationHandler Commits will be reserved for 10000 ms
2023-01-27 13:26:06.851 INFO  (coreZkRegister-3-thread-1) [] o.a.s.u.UpdateLog Could not find max version in index or recent updates, using new clock 1756182313016754176
2023-01-27 13:26:06.852 INFO  (qtp1192672907-28) [c:technoproducts s:shard2 r:core_node3 x:technoproducts_shard2_replica_n1] o.a.s.h.SolrConfigHandler expecting overlay version 0 but my version is -1
2023-01-27 13:26:06.852 INFO  (qtp1192672907-28) [c:technoproducts s:shard2 r:core_node3 x:technoproducts_shard2_replica_n1] o.a.s.c.S.Request webapp=/solr path=/config/znodeVersion params={overlay=0&wt=javabin&version=2} status=0 QTime=0
2023-01-27 13:26:06.856 INFO  (searcherExecutor-31-thread-1-processing-localhost:7574_solr) [] o.a.s.c.S.Request webapp=null path=null params={q=static+firstSearcher+warming+in+solrconfig.xml&distrib=false&event=firstSearcher} hits=0 status=0 QTime=1
2023-01-27 13:26:06.856 INFO  (searcherExecutor-31-thread-1-processing-localhost:7574_solr) [] o.a.s.c.QuerySenderListener QuerySenderListener done.
2023-01-27 13:26:06.857 INFO  (searcherExecutor-31-thread-1-processing-localhost:7574_solr) [] o.a.s.h.c.SpellCheckComponent Loading spell index for spellchecker: default
2023-01-27 13:26:06.857 INFO  (searcherExecutor-31-thread-1-processing-localhost:7574_solr) [] o.a.s.h.c.SpellCheckComponent Loading spell index for spellchecker: wordbreak
2023-01-27 13:26:06.859 INFO  (qtp1192672907-20) [c:technoproducts s:shard1 r:core_node5 x:technoproducts_shard1_replica_n2] o.a.s.h.SolrConfigHandler expecting overlay version 0 but my version is -1
2023-01-27 13:26:06.860 INFO  (qtp1192672907-20) [c:technoproducts s:shard1 r:core_node5 x:technoproducts_shard1_replica_n2] o.a.s.c.S.Request webapp=/solr path=/config/znodeVersion params={overlay=0&wt=javabin&version=2} status=0 QTime=0
2023-01-27 13:26:06.857 INFO  (SolrConfigHandler-refreshconf) [] o.a.s.h.SolrConfigHandler Another reload is in progress . Not doing anything
2023-01-27 13:26:06.867 INFO  (SolrConfigHandler-refreshconf) [] o.a.s.h.SolrConfigHandler Another reload is in progress . Not doing anything
2023-01-27 13:26:06.867 INFO  (searcherExecutor-31-thread-1-processing-localhost:7574_solr) [] o.a.s.c.SolrCore Registered new searcher autowarm time: 0 ms
2023-01-27 13:26:06.867 INFO  (coreZkRegister-3-thread-1) [] o.a.s.u.DefaultSolrCoreState New IndexWriter is ready to be used.
2023-01-27 13:26:06.873 INFO  (coreZkRegister-3-thread-1) [] o.a.s.c.SolrCore CLOSING SolrCore org.apache.solr.core.SolrCore@703effd5 technoproducts_shard1_replica_n2
2023-01-27 13:26:06.874 INFO  (coreZkRegister-3-thread-1) [] o.a.s.m.SolrMetricManager Closing metric reporters for registry=solr.core.technoproducts.shard1.replica_n2 tag=SolrCore@703effd5
2023-01-27 13:26:06.900 INFO  (coreZkRegister-3-thread-1) [] o.a.s.m.SolrMetricManager Closing metric reporters for registry=solr.collection.technoproducts.shard1.leader tag=SolrCore@703effd5
2023-01-27 13:26:06.906 INFO  (SolrConfigHandler-refreshconf) [] o.a.s.c.SolrConfig Using Lucene MatchVersion: 9.3.0
2023-01-27 13:26:06.906 INFO  (SolrConfigHandler-refreshconf) [] o.a.s.u.SolrIndexConfig IndexWriter infoStream solr logging is enabled
2023-01-27 13:26:06.906 INFO  (searcherExecutor-31-thread-1-processing-localhost:7574_solr) [] o.a.s.c.QuerySenderListener QuerySenderListener done.
2023-01-27 13:26:06.913 INFO  (searcherExecutor-31-thread-1-processing-localhost:7574_solr) [] o.a.s.c.SolrCore Registered new searcher autowarm time: 32 ms
2023-01-27 13:26:06.917 INFO  (SolrConfigHandler-refreshconf) [] o.a.s.s.IndexSchema Schema name=example
2023-01-27 13:26:06.920 INFO  (coreZkRegister-3-thread-1) [] o.a.s.c.SolrCore config update listener called for core technoproducts_shard2_replica_n1
2023-01-27 13:26:06.928 INFO  (coreZkRegister-3-thread-1) [] o.a.s.c.SolrCore core reload technoproducts_shard2_replica_n1
2023-01-27 13:26:06.928 INFO  (coreZkRegister-3-thread-1) [] o.a.s.c.SolrCore Another reload is in progress. Not doing anything.
2023-01-27 13:26:06.961 INFO  (qtp1192672907-27) [c:technoproducts s:shard2 r:core_node3 x:technoproducts_shard2_replica_n1] o.a.s.h.SolrConfigHandler expecting overlay version 0 but my version is -1
2023-01-27 13:26:06.962 INFO  (qtp1192672907-27) [c:technoproducts s:shard2 r:core_node3 x:technoproducts_shard2_replica_n1] o.a.s.c.S.Request webapp=/solr path=/config/znodeVersion params={overlay=0&wt=javabin&version=2} status=0 QTime=0
2023-01-27 13:26:06.966 INFO  (SolrConfigHandler-refreshconf) [] o.a.s.h.SolrConfigHandler Another reload is in progress . Not doing anything
2023-01-27 13:26:06.968 INFO  (qtp1192672907-28) [c:technoproducts s:shard1 r:core_node5 x:technoproducts_shard1_replica_n2] o.a.s.h.SolrConfigHandler I already have the expected version 0 of config
2023-01-27 13:26:06.968 INFO  (qtp1192672907-28) [c:technoproducts s:shard1 r:core_node5 x:technoproducts_shard1_replica_n2] o.a.s.h.SolrConfigHandler isStale false , resourceloader org.apache.solr.cloud.ZkSolrResourceLoader
2023-01-27 13:26:06.969 INFO  (qtp1192672907-28) [c:technoproducts s:shard1 r:core_node5 x:technoproducts_shard1_replica_n2] o.a.s.c.S.Request webapp=/solr path=/config/znodeVersion params={overlay=0&wt=javabin&version=2} status=0 QTime=0
2023-01-27 13:26:07.005 INFO  (SolrConfigHandler-refreshconf) [] o.a.s.r.RestManager Registered ManagedResource impl org.apache.solr.rest.schema.analysis.ManagedWordSetResource for path /schema/analysis/stopwords/english
2023-01-27 13:26:07.006 INFO  (SolrConfigHandler-refreshconf) [] o.a.s.r.RestManager Registered ManagedResource impl org.apache.solr.rest.schema.analysis.ManagedSynonymGraphFilterFactory$SynonymManager for path /schema/analysis/synonyms/english
2023-01-27 13:26:07.006 INFO  (SolrConfigHandler-refreshconf) [] o.a.s.r.RestManager Added observer of type org.apache.solr.rest.schema.analysis.ManagedStopFilterFactory to existing ManagedResource /schema/analysis/stopwords/english
2023-01-27 13:26:07.006 INFO  (SolrConfigHandler-refreshconf) [] o.a.s.r.RestManager Added observer of type org.apache.solr.rest.schema.analysis.ManagedSynonymGraphFilterFactory to existing ManagedResource /schema/analysis/synonyms/english
2023-01-27 13:26:07.008 INFO  (SolrConfigHandler-refreshconf) [] o.a.s.s.IndexSchema Loaded schema example/1.6 with uniqueid field id
2023-01-27 13:26:07.069 INFO  (qtp1192672907-20) [c:technoproducts s:shard2 r:core_node3 x:technoproducts_shard2_replica_n1] o.a.s.h.SolrConfigHandler expecting overlay version 0 but my version is -1
2023-01-27 13:26:07.069 INFO  (qtp1192672907-20) [c:technoproducts s:shard2 r:core_node3 x:technoproducts_shard2_replica_n1] o.a.s.c.S.Request webapp=/solr path=/config/znodeVersion params={overlay=0&wt=javabin&version=2} status=0 QTime=0
2023-01-27 13:26:07.074 INFO  (SolrConfigHandler-refreshconf) [] o.a.s.h.SolrConfigHandler Another reload is in progress . Not doing anything
2023-01-27 13:26:07.180 INFO  (qtp1192672907-27) [c:technoproducts s:shard2 r:core_node3 x:technoproducts_shard2_replica_n1] o.a.s.h.SolrConfigHandler expecting overlay version 0 but my version is -1
2023-01-27 13:26:07.181 INFO  (qtp1192672907-27) [c:technoproducts s:shard2 r:core_node3 x:technoproducts_shard2_replica_n1] o.a.s.c.S.Request webapp=/solr path=/config/znodeVersion params={overlay=0&wt=javabin&version=2} status=0 QTime=1
2023-01-27 13:26:07.181 INFO  (SolrConfigHandler-refreshconf) [] o.a.s.h.SolrConfigHandler Another reload is in progress . Not doing anything
2023-01-27 13:26:07.217 INFO  (SolrConfigHandler-refreshconf) [] o.a.s.c.CoreContainer Reloading SolrCore 'technoproducts_shard2_replica_n1' using configuration from configset technoproducts
2023-01-27 13:26:07.257 INFO  (SolrConfigHandler-refreshconf) [] o.a.s.c.SolrCore Opening new SolrCore at [D:\Application_SetupFiles\solr-9.1.1\solr-9.1.1\example\cloud\node2\solr\technoproducts_shard2_replica_n1], dataDir=[D:\Application_SetupFiles\solr-9.1.1\solr-9.1.1\example\cloud\node2\solr\technoproducts_shard2_replica_n1\data\]
2023-01-27 13:26:07.305 INFO  (qtp1192672907-20) [c:technoproducts s:shard2 r:core_node3 x:technoproducts_shard2_replica_n1] o.a.s.h.SolrConfigHandler expecting overlay version 0 but my version is -1
2023-01-27 13:26:07.306 INFO  (qtp1192672907-20) [c:technoproducts s:shard2 r:core_node3 x:technoproducts_shard2_replica_n1] o.a.s.c.S.Request webapp=/solr path=/config/znodeVersion params={overlay=0&wt=javabin&version=2} status=0 QTime=1
2023-01-27 13:26:07.319 INFO  (SolrConfigHandler-refreshconf) [] o.a.s.h.SolrConfigHandler Another reload is in progress . Not doing anything
2023-01-27 13:26:07.351 INFO  (SolrConfigHandler-refreshconf) [] o.a.s.u.CommitTracker Hard AutoCommit: if uncommitted for 15000ms; 
2023-01-27 13:26:07.352 INFO  (SolrConfigHandler-refreshconf) [] o.a.s.u.CommitTracker Soft AutoCommit: if uncommitted for 3000ms; 
2023-01-27 13:26:07.359 INFO  (SolrConfigHandler-refreshconf) [] o.a.s.r.ManagedResourceStorage Configured ZooKeeperStorageIO with znodeBase: /configs/technoproducts
2023-01-27 13:26:07.361 INFO  (SolrConfigHandler-refreshconf) [] o.a.s.r.ManagedResourceStorage Loaded LinkedHashMap at path _rest_managed.json using ZooKeeperStorageIO:path=/configs/technoproducts
2023-01-27 13:26:07.361 INFO  (SolrConfigHandler-refreshconf) [] o.a.s.r.ManagedResource Loaded initArgs {} for /rest/managed
2023-01-27 13:26:07.363 INFO  (SolrConfigHandler-refreshconf) [] o.a.s.r.ManagedResourceStorage Loaded LinkedHashMap at path _schema_analysis_stopwords_english.json using ZooKeeperStorageIO:path=/configs/technoproducts
2023-01-27 13:26:07.363 INFO  (SolrConfigHandler-refreshconf) [] o.a.s.r.ManagedResource Loaded initArgs {ignoreCase=true} for /schema/analysis/stopwords/english
2023-01-27 13:26:07.363 INFO  (SolrConfigHandler-refreshconf) [] o.a.s.r.s.a.ManagedWordSetResource Loaded 35 words for /schema/analysis/stopwords/english
2023-01-27 13:26:07.363 INFO  (SolrConfigHandler-refreshconf) [] o.a.s.r.ManagedResource Notified 2 observers of /schema/analysis/stopwords/english
2023-01-27 13:26:07.372 INFO  (SolrConfigHandler-refreshconf) [] o.a.s.r.ManagedResourceStorage Loaded LinkedHashMap at path _schema_analysis_synonyms_english.json using ZooKeeperStorageIO:path=/configs/technoproducts
2023-01-27 13:26:07.372 INFO  (SolrConfigHandler-refreshconf) [] o.a.s.r.ManagedResource Loaded initArgs {ignoreCase=true, format=solr} for /schema/analysis/synonyms/english
2023-01-27 13:26:07.373 INFO  (SolrConfigHandler-refreshconf) [] o.a.s.r.s.a.ManagedSynonymGraphFilterFactory Loaded 3 synonym mappings for /schema/analysis/synonyms/english
2023-01-27 13:26:07.374 INFO  (SolrConfigHandler-refreshconf) [] o.a.s.r.ManagedResource Notified 2 observers of /schema/analysis/synonyms/english
2023-01-27 13:26:07.378 INFO  (SolrConfigHandler-refreshconf) [] o.a.s.s.ZkIndexSchemaReader Creating ZooKeeper watch for the managed schema at /configs/technoproducts/managed-schema.xml
2023-01-27 13:26:07.383 INFO  (SolrConfigHandler-refreshconf) [] o.a.s.s.ZkIndexSchemaReader Current schema version 0 is already the latest
2023-01-27 13:26:07.384 INFO  (SolrConfigHandler-refreshconf) [] o.a.s.s.DirectSolrSpellChecker init: {accuracy=0.5, maxQueryFrequency=0.01, maxEdits=2, minPrefix=1, maxInspections=5, minQueryLength=4, name=default, field=text, classname=solr.DirectSolrSpellChecker, distanceMeasure=internal}
2023-01-27 13:26:07.386 INFO  (SolrConfigHandler-refreshconf) [] o.a.s.h.c.SuggestComponent Initializing SuggestComponent
2023-01-27 13:26:07.386 INFO  (SolrConfigHandler-refreshconf) [] o.a.s.s.s.SolrSuggester init: {name=mySuggester, lookupImpl=FuzzyLookupFactory, dictionaryImpl=DocumentDictionaryFactory, field=cat, weightField=price, suggestAnalyzerFieldType=string, buildOnStartup=false}
2023-01-27 13:26:07.390 INFO  (SolrConfigHandler-refreshconf) [] o.a.s.s.s.SolrSuggester Dictionary loaded with params: {name=mySuggester, lookupImpl=FuzzyLookupFactory, dictionaryImpl=DocumentDictionaryFactory, field=cat, weightField=price, suggestAnalyzerFieldType=string, buildOnStartup=false}
2023-01-27 13:26:07.398 INFO  (SolrConfigHandler-refreshconf) [] o.a.s.h.ReplicationHandler Commits will be reserved for 10000 ms
2023-01-27 13:26:07.399 INFO  (SolrConfigHandler-refreshconf) [] o.a.s.u.UpdateLog Could not find max version in index or recent updates, using new clock 1756182313591373824
2023-01-27 13:26:07.403 INFO  (searcherExecutor-36-thread-1-processing-localhost:7574_solr) [] o.a.s.c.S.Request webapp=null path=null params={q=static+firstSearcher+warming+in+solrconfig.xml&distrib=false&event=firstSearcher} hits=0 status=0 QTime=2
2023-01-27 13:26:07.403 INFO  (searcherExecutor-36-thread-1-processing-localhost:7574_solr) [] o.a.s.c.QuerySenderListener QuerySenderListener done.
2023-01-27 13:26:07.403 INFO  (searcherExecutor-36-thread-1-processing-localhost:7574_solr) [] o.a.s.h.c.SpellCheckComponent Loading spell index for spellchecker: default
2023-01-27 13:26:07.404 INFO  (searcherExecutor-36-thread-1-processing-localhost:7574_solr) [] o.a.s.h.c.SpellCheckComponent Loading spell index for spellchecker: wordbreak
2023-01-27 13:26:07.408 INFO  (SolrConfigHandler-refreshconf) [] o.a.s.u.DefaultSolrCoreState New IndexWriter is ready to be used.
2023-01-27 13:26:07.411 INFO  (searcherExecutor-36-thread-1-processing-localhost:7574_solr) [] o.a.s.c.SolrCore Registered new searcher autowarm time: 0 ms
2023-01-27 13:26:07.415 INFO  (SolrConfigHandler-refreshconf) [] o.a.s.c.SolrCore CLOSING SolrCore org.apache.solr.core.SolrCore@25003159 technoproducts_shard2_replica_n1
2023-01-27 13:26:07.415 INFO  (SolrConfigHandler-refreshconf) [] o.a.s.m.SolrMetricManager Closing metric reporters for registry=solr.core.technoproducts.shard2.replica_n1 tag=SolrCore@25003159
2023-01-27 13:26:07.415 INFO  (searcherExecutor-36-thread-1-processing-localhost:7574_solr) [] o.a.s.c.QuerySenderListener QuerySenderListener done.
2023-01-27 13:26:07.422 INFO  (searcherExecutor-36-thread-1-processing-localhost:7574_solr) [] o.a.s.c.SolrCore Registered new searcher autowarm time: 0 ms
2023-01-27 13:26:07.423 INFO  (SolrConfigHandler-refreshconf) [] o.a.s.m.SolrMetricManager Closing metric reporters for registry=solr.collection.technoproducts.shard2.leader tag=SolrCore@25003159
2023-01-27 13:26:07.428 INFO  (qtp1192672907-27) [c:technoproducts s:shard2 r:core_node3 x:technoproducts_shard2_replica_n1] o.a.s.h.SolrConfigHandler I already have the expected version 0 of config
2023-01-27 13:26:07.428 INFO  (qtp1192672907-27) [c:technoproducts s:shard2 r:core_node3 x:technoproducts_shard2_replica_n1] o.a.s.h.SolrConfigHandler isStale false , resourceloader org.apache.solr.cloud.ZkSolrResourceLoader
2023-01-27 13:26:07.429 INFO  (qtp1192672907-27) [c:technoproducts s:shard2 r:core_node3 x:technoproducts_shard2_replica_n1] o.a.s.c.S.Request webapp=/solr path=/config/znodeVersion params={overlay=0&wt=javabin&version=2} status=0 QTime=0
2023-01-27 13:30:05.101 INFO  (qtp1192672907-24) [c:technoproducts s:shard1 r:core_node5 x:technoproducts_shard1_replica_n2] o.a.s.c.S.Request webapp=/solr path=/select params={df=text&distrib=false&fl=id&fl=score&shards.purpose=16388&start=0&fsv=true&q.op=OR&shard.url=http://localhost:7574/solr/technoproducts_shard1_replica_n2/|http://localhost:8983/solr/technoproducts_shard1_replica_n6/&rows=10&rid=localhost-4&version=2&q=*:*&omitHeader=false&NOW=1674826205045&isShard=true&wt=javabin&useParams=&_=1674826189583} hits=0 status=0 QTime=8
2023-01-27 13:33:13.294 INFO  (qtp1192672907-26) [c:technoproducts s:shard2 r:core_node3 x:technoproducts_shard2_replica_n1] o.a.s.c.S.Request webapp=/solr path=/select params={df=text&distrib=false&fl=id&fl=score&shards.purpose=16388&start=0&fsv=true&q.op=OR&shard.url=http://localhost:7574/solr/technoproducts_shard2_replica_n1/|http://localhost:8983/solr/technoproducts_shard2_replica_n4/&rows=10&rid=localhost-5&version=2&q=*:*&omitHeader=false&NOW=1674826393286&isShard=true&wt=javabin&useParams=&_=1674826393255} hits=0 status=0 QTime=1
2023-01-27 13:33:13.312 INFO  (qtp1192672907-56) [c:technoproducts s:shard1 r:core_node5 x:technoproducts_shard1_replica_n2] o.a.s.c.S.Request webapp=/solr path=/select params={df=text&distrib=false&fl=id&fl=score&shards.purpose=16388&start=0&fsv=true&q.op=OR&shard.url=http://localhost:7574/solr/technoproducts_shard1_replica_n2/|http://localhost:8983/solr/technoproducts_shard1_replica_n6/&rows=10&rid=localhost-5&version=2&q=*:*&omitHeader=false&NOW=1674826393286&isShard=true&wt=javabin&useParams=&_=1674826393255} hits=0 status=0 QTime=18
2023-01-27 13:39:39.879 INFO  (qtp1192672907-56) [c:technoproducts s:shard1 r:core_node5 x:technoproducts_shard1_replica_n2] o.a.s.u.p.LogUpdateProcessorFactory webapp=/solr path=/update params={update.distrib=FROMLEADER&distrib.from=http://localhost:8983/solr/technoproducts_shard1_replica_n6/&wt=javabin&version=2}{add=[0812521390 (1756183165428301824), 0441385532 (1756183165515333632), 0380014300 (1756183165516382208), 0805080481 (1756183165517430784), 080508049X (1756183165519527936)]} 0 20
2023-01-27 13:39:39.884 INFO  (qtp1192672907-28) [c:technoproducts s:shard2 r:core_node3 x:technoproducts_shard2_replica_n1] o.a.s.u.p.LogUpdateProcessorFactory webapp=/solr path=/update params={update.distrib=FROMLEADER&distrib.from=http://localhost:8983/solr/technoproducts_shard2_replica_n4/&wt=javabin&version=2}{add=[0553573403 (1756183165009920000), 0553579908 (1756183165418864640), 055357342X (1756183165419913216), 0553293354 (1756183165419913217), 0812550706 (1756183165420961792)]} 0 113
2023-01-27 13:39:39.911 INFO  (qtp1192672907-24) [c:technoproducts s:shard1 r:core_node5 x:technoproducts_shard1_replica_n2] o.a.s.u.p.LogUpdateProcessorFactory webapp=/solr path=/update params={update.distrib=FROMLEADER&distrib.from=http://localhost:8983/solr/technoproducts_shard1_replica_n6/&wt=javabin&version=2}{add=[978-0641723445 (1756183165560422400)]} 0 9
2023-01-27 13:39:39.914 INFO  (qtp1192672907-56) [c:technoproducts s:shard2 r:core_node3 x:technoproducts_shard2_replica_n1] o.a.s.u.p.LogUpdateProcessorFactory webapp=/solr path=/update params={update.distrib=FROMLEADER&distrib.from=http://localhost:8983/solr/technoproducts_shard2_replica_n4/&wt=javabin&version=2}{add=[978-1423103349 (1756183165559373824), 978-1857995879 (1756183165560422400), 978-1933988177 (1756183165561470976)]} 0 12
2023-01-27 13:39:39.976 INFO  (qtp1192672907-24) [c:technoproducts s:shard1 r:core_node5 x:technoproducts_shard1_replica_n2] o.a.s.u.p.LogUpdateProcessorFactory webapp=/solr path=/update params={update.distrib=FROMLEADER&distrib.from=http://localhost:8983/solr/technoproducts_shard1_replica_n6/&wt=javabin&version=2}{add=[GB18030TEST (1756183165635919872)]} 0 1
2023-01-27 13:39:40.035 INFO  (qtp1192672907-56) [c:technoproducts s:shard2 r:core_node3 x:technoproducts_shard2_replica_n1] o.a.s.u.p.LogUpdateProcessorFactory webapp=/solr path=/update params={update.distrib=FROMLEADER&distrib.from=http://localhost:8983/solr/technoproducts_shard2_replica_n4/&wt=javabin&version=2}{add=[SP2514N (1756183165649551360), 6H500F0 (1756183165685202944)]} 0 14
2023-01-27 13:39:40.049 INFO  (qtp1192672907-56) [c:technoproducts s:shard1 r:core_node5 x:technoproducts_shard1_replica_n2] o.a.s.u.p.LogUpdateProcessorFactory webapp=/solr path=/update params={update.distrib=FROMLEADER&distrib.from=http://localhost:8983/solr/technoproducts_shard1_replica_n6/&wt=javabin&version=2}{add=[IW-02 (1756183165711417344)]} 0 1
2023-01-27 13:39:40.052 INFO  (qtp1192672907-28) [c:technoproducts s:shard2 r:core_node3 x:technoproducts_shard2_replica_n1] o.a.s.u.p.LogUpdateProcessorFactory webapp=/solr path=/update params={update.distrib=FROMLEADER&distrib.from=http://localhost:8983/solr/technoproducts_shard2_replica_n4/&wt=javabin&version=2}{add=[F8V7067-APL-KIT (1756183165708271616)]} 0 7
2023-01-27 13:39:40.073 INFO  (qtp1192672907-56) [c:technoproducts s:shard1 r:core_node5 x:technoproducts_shard1_replica_n2] o.a.s.u.p.LogUpdateProcessorFactory webapp=/solr path=/update params={update.distrib=FROMLEADER&distrib.from=http://localhost:8983/solr/technoproducts_shard1_replica_n6/&wt=javabin&version=2}{add=[MA147LL/A (1756183165726097408)]} 0 6
2023-01-27 13:39:40.086 INFO  (qtp1192672907-56) [c:technoproducts s:shard1 r:core_node5 x:technoproducts_shard1_replica_n2] o.a.s.u.p.LogUpdateProcessorFactory webapp=/solr path=/update params={update.distrib=FROMLEADER&distrib.from=http://localhost:8983/solr/technoproducts_shard1_replica_n6/&wt=javabin&version=2}{add=[adata (1756183165751263232), asus (1756183165751263233), belkin (1756183165752311808), maxtor (1756183165753360384)]} 0 2
2023-01-27 13:39:40.089 INFO  (qtp1192672907-28) [c:technoproducts s:shard2 r:core_node3 x:technoproducts_shard2_replica_n1] o.a.s.u.p.LogUpdateProcessorFactory webapp=/solr path=/update params={update.distrib=FROMLEADER&distrib.from=http://localhost:8983/solr/technoproducts_shard2_replica_n4/&wt=javabin&version=2}{add=[apple (1756183165749166080), ati (1756183165751263232), canon (1756183165751263233), corsair (1756183165752311808), dell (1756183165752311809), samsung (1756183165753360384), viewsonic (1756183165753360385)]} 0 6
2023-01-27 13:39:40.107 INFO  (qtp1192672907-56) [c:technoproducts s:shard1 r:core_node5 x:technoproducts_shard1_replica_n2] o.a.s.u.p.LogUpdateProcessorFactory webapp=/solr path=/update params={update.distrib=FROMLEADER&distrib.from=http://localhost:8983/solr/technoproducts_shard1_replica_n6/&wt=javabin&version=2}{add=[TWINX2048-3200PRO (1756183165766991872), VS1GB400C3 (1756183165771186176), VDBDB1A16 (1756183165772234752)]} 0 5
2023-01-27 13:39:40.120 INFO  (qtp1192672907-24) [c:technoproducts s:shard2 r:core_node3 x:technoproducts_shard2_replica_n1] o.a.s.u.p.LogUpdateProcessorFactory webapp=/solr path=/update params={update.distrib=FROMLEADER&distrib.from=http://localhost:8983/solr/technoproducts_shard2_replica_n4/&wt=javabin&version=2}{add=[EUR (1756183165786914816), NOK (1756183165787963392)]} 0 2
2023-01-27 13:39:40.123 INFO  (qtp1192672907-28) [c:technoproducts s:shard1 r:core_node5 x:technoproducts_shard1_replica_n2] o.a.s.u.p.LogUpdateProcessorFactory webapp=/solr path=/update params={update.distrib=FROMLEADER&distrib.from=http://localhost:8983/solr/technoproducts_shard1_replica_n6/&wt=javabin&version=2}{add=[USD (1756183165784817664), GBP (1756183165785866240)]} 0 7
2023-01-27 13:39:40.135 INFO  (qtp1192672907-24) [c:technoproducts s:shard1 r:core_node5 x:technoproducts_shard1_replica_n2] o.a.s.u.p.LogUpdateProcessorFactory webapp=/solr path=/update params={update.distrib=FROMLEADER&distrib.from=http://localhost:8983/solr/technoproducts_shard1_replica_n6/&wt=javabin&version=2}{add=[3007WFP (1756183165801594880)]} 0 2
2023-01-27 13:39:40.147 INFO  (qtp1192672907-28) [c:technoproducts s:shard2 r:core_node3 x:technoproducts_shard2_replica_n1] o.a.s.u.p.LogUpdateProcessorFactory webapp=/solr path=/update params={update.distrib=FROMLEADER&distrib.from=http://localhost:8983/solr/technoproducts_shard2_replica_n4/&wt=javabin&version=2}{add=[VA902B (1756183165815226368)]} 0 1
2023-01-27 13:39:40.158 INFO  (qtp1192672907-28) [c:technoproducts s:shard1 r:core_node5 x:technoproducts_shard1_replica_n2] o.a.s.u.p.LogUpdateProcessorFactory webapp=/solr path=/update params={update.distrib=FROMLEADER&distrib.from=http://localhost:8983/solr/technoproducts_shard1_replica_n6/&wt=javabin&version=2}{add=[0679805273 (1756183165828857856)]} 0 0
2023-01-27 13:39:40.159 INFO  (qtp1192672907-24) [c:technoproducts s:shard2 r:core_node3 x:technoproducts_shard2_replica_n1] o.a.s.u.p.LogUpdateProcessorFactory webapp=/solr path=/update params={update.distrib=FROMLEADER&distrib.from=http://localhost:8983/solr/technoproducts_shard2_replica_n4/&wt=javabin&version=2}{add=[0060248025 (1756183165826760704)]} 0 4
2023-01-27 13:39:40.170 INFO  (qtp1192672907-28) [c:technoproducts s:shard2 r:core_node3 x:technoproducts_shard2_replica_n1] o.a.s.u.p.LogUpdateProcessorFactory webapp=/solr path=/update params={update.distrib=FROMLEADER&distrib.from=http://localhost:8983/solr/technoproducts_shard2_replica_n4/&wt=javabin&version=2}{add=[0579B002 (1756183165840392192)]} 0 1
2023-01-27 13:39:41.536 INFO  (qtp1192672907-24) [c:technoproducts s:shard2 r:core_node3 x:technoproducts_shard2_replica_n1] o.a.s.u.p.LogUpdateProcessorFactory webapp=/solr path=/update params={update.distrib=FROMLEADER&distrib.from=http://localhost:8983/solr/technoproducts_shard2_replica_n4/&wt=javabin&version=2}{add=[D:\Application_SetupFiles\solr-9.1.1\solr-9.1.1\example\exampledocs\post.jar (1756183167246532608)]} 0 14
2023-01-27 13:39:42.049 INFO  (qtp1192672907-28) [c:technoproducts s:shard2 r:core_node3 x:technoproducts_shard2_replica_n1] o.a.s.u.p.LogUpdateProcessorFactory webapp=/solr path=/update params={update.distrib=FROMLEADER&distrib.from=http://localhost:8983/solr/technoproducts_shard2_replica_n4/&wt=javabin&version=2}{add=[D:\Application_SetupFiles\solr-9.1.1\solr-9.1.1\example\exampledocs\sample.html (1756183167807520768)]} 0 2
2023-01-27 13:39:42.061 INFO  (qtp1192672907-24) [c:technoproducts s:shard2 r:core_node3 x:technoproducts_shard2_replica_n1] o.a.s.u.p.LogUpdateProcessorFactory webapp=/solr path=/update params={update.distrib=FROMLEADER&distrib.from=http://localhost:8983/solr/technoproducts_shard2_replica_n4/&wt=javabin&version=2}{add=[9885A004 (1756183167820103680)]} 0 2
2023-01-27 13:39:42.348 INFO  (qtp1192672907-28) [c:technoproducts s:shard1 r:core_node5 x:technoproducts_shard1_replica_n2] o.a.s.u.p.LogUpdateProcessorFactory webapp=/solr path=/update params={update.distrib=FROMLEADER&distrib.from=http://localhost:8983/solr/technoproducts_shard1_replica_n6/&wt=javabin&version=2}{add=[D:\Application_SetupFiles\solr-9.1.1\solr-9.1.1\example\exampledocs\solr-word.pdf (1756183168121044992)]} 0 2
2023-01-27 13:39:42.358 INFO  (qtp1192672907-24) [c:technoproducts s:shard2 r:core_node3 x:technoproducts_shard2_replica_n1] o.a.s.u.p.LogUpdateProcessorFactory webapp=/solr path=/update params={update.distrib=FROMLEADER&distrib.from=http://localhost:8983/solr/technoproducts_shard2_replica_n4/&wt=javabin&version=2}{add=[SOLR1000 (1756183168133627904)]} 0 1
2023-01-27 13:39:42.404 INFO  (qtp1192672907-28) [c:technoproducts s:shard2 r:core_node3 x:technoproducts_shard2_replica_n1] o.a.s.u.p.LogUpdateProcessorFactory webapp=/solr path=/update params={update.distrib=FROMLEADER&distrib.from=http://localhost:8983/solr/technoproducts_shard2_replica_n4/&wt=javabin&version=2}{add=[D:\Application_SetupFiles\solr-9.1.1\solr-9.1.1\example\exampledocs\test_utf8.sh (1756183168180813824)]} 0 1
2023-01-27 13:39:42.425 INFO  (qtp1192672907-24) [c:technoproducts s:shard2 r:core_node3 x:technoproducts_shard2_replica_n1] o.a.s.u.p.LogUpdateProcessorFactory webapp=/solr path=/update params={update.distrib=FROMLEADER&distrib.from=http://localhost:8983/solr/technoproducts_shard2_replica_n4/&wt=javabin&version=2}{add=[UTF8TEST (1756183168198639616)]} 0 4
2023-01-27 13:39:42.456 INFO  (qtp1192672907-24) [c:technoproducts s:shard1 r:core_node5 x:technoproducts_shard1_replica_n2] o.a.s.u.p.LogUpdateProcessorFactory webapp=/solr path=/update params={update.distrib=FROMLEADER&distrib.from=http://localhost:8983/solr/technoproducts_shard1_replica_n6/&wt=javabin&version=2}{add=[EN7800GTX/2DHTV/256M (1756183168229048320)]} 0 5
2023-01-27 13:39:42.463 INFO  (qtp1192672907-28) [c:technoproducts s:shard2 r:core_node3 x:technoproducts_shard2_replica_n1] o.a.s.u.p.LogUpdateProcessorFactory webapp=/solr path=/update params={update.distrib=FROMLEADER&distrib.from=http://localhost:8983/solr/technoproducts_shard2_replica_n4/&wt=javabin&version=2}{add=[100-435805 (1756183168217513984)]} 0 22
2023-01-27 13:39:42.950 INFO  (searcherExecutor-31-thread-1-processing-localhost:7574_solr technoproducts_shard1_replica_n2 technoproducts shard1 core_node5) [c:technoproducts s:shard1 r:core_node5 x:technoproducts_shard1_replica_n2] o.a.s.c.QuerySenderListener QuerySenderListener done.
2023-01-27 13:39:42.953 INFO  (searcherExecutor-31-thread-1-processing-localhost:7574_solr technoproducts_shard1_replica_n2 technoproducts shard1 core_node5) [c:technoproducts s:shard1 r:core_node5 x:technoproducts_shard1_replica_n2] o.a.s.c.SolrCore Registered new searcher autowarm time: 0 ms
2023-01-27 13:39:43.158 INFO  (searcherExecutor-36-thread-1-processing-localhost:7574_solr technoproducts_shard2_replica_n1 technoproducts shard2 core_node3) [c:technoproducts s:shard2 r:core_node3 x:technoproducts_shard2_replica_n1] o.a.s.c.QuerySenderListener QuerySenderListener done.
2023-01-27 13:39:43.160 INFO  (searcherExecutor-36-thread-1-processing-localhost:7574_solr technoproducts_shard2_replica_n1 technoproducts shard2 core_node3) [c:technoproducts s:shard2 r:core_node3 x:technoproducts_shard2_replica_n1] o.a.s.c.SolrCore Registered new searcher autowarm time: 0 ms
2023-01-27 13:39:43.160 INFO  (qtp1192672907-20) [c:technoproducts s:shard2 r:core_node3 x:technoproducts_shard2_replica_n1] o.a.s.u.p.LogUpdateProcessorFactory webapp=/solr path=/update params={update.distrib=FROMLEADER&waitSearcher=true&openSearcher=true&commit=true&softCommit=false&distrib.from=http://localhost:8983/solr/technoproducts_shard2_replica_n4/&commit_end_point=replicas&wt=javabin&version=2&expungeDeletes=false}{commit=} 0 675
2023-01-27 13:39:43.569 INFO  (searcherExecutor-31-thread-1-processing-localhost:7574_solr technoproducts_shard1_replica_n2 technoproducts shard1 core_node5) [c:technoproducts s:shard1 r:core_node5 x:technoproducts_shard1_replica_n2] o.a.s.c.QuerySenderListener QuerySenderListener done.
2023-01-27 13:39:43.571 INFO  (searcherExecutor-31-thread-1-processing-localhost:7574_solr technoproducts_shard1_replica_n2 technoproducts shard1 core_node5) [c:technoproducts s:shard1 r:core_node5 x:technoproducts_shard1_replica_n2] o.a.s.c.SolrCore Registered new searcher autowarm time: 0 ms
2023-01-27 13:39:43.572 INFO  (qtp1192672907-28) [c:technoproducts s:shard1 r:core_node5 x:technoproducts_shard1_replica_n2] o.a.s.u.p.LogUpdateProcessorFactory webapp=/solr path=/update params={update.distrib=FROMLEADER&waitSearcher=true&openSearcher=true&commit=true&softCommit=false&distrib.from=http://localhost:8983/solr/technoproducts_shard1_replica_n6/&commit_end_point=replicas&wt=javabin&version=2&expungeDeletes=false}{commit=} 0 408
2023-01-27 13:42:51.098 INFO  (qtp1192672907-26) [c:technoproducts s:shard1 r:core_node5 x:technoproducts_shard1_replica_n2] o.a.s.c.S.Request webapp=/solr path=/select params={df=text&distrib=false&fl=id&fl=score&shards.purpose=16388&start=0&fsv=true&q.op=OR&shard.url=http://localhost:7574/solr/technoproducts_shard1_replica_n2/|http://localhost:8983/solr/technoproducts_shard1_replica_n6/&rows=10&rid=localhost-12&version=2&q=*:*&omitHeader=false&NOW=1674826971079&isShard=true&wt=javabin&useParams=&_=1674826393255} hits=22 status=0 QTime=9
2023-01-27 13:42:51.098 INFO  (qtp1192672907-24) [c:technoproducts s:shard2 r:core_node3 x:technoproducts_shard2_replica_n1] o.a.s.c.S.Request webapp=/solr path=/select params={df=text&distrib=false&fl=id&fl=score&shards.purpose=16388&start=0&fsv=true&q.op=OR&shard.url=http://localhost:7574/solr/technoproducts_shard2_replica_n1/|http://localhost:8983/solr/technoproducts_shard2_replica_n4/&rows=10&rid=localhost-12&version=2&q=*:*&omitHeader=false&NOW=1674826971079&isShard=true&wt=javabin&useParams=&_=1674826393255} hits=30 status=0 QTime=9
2023-01-27 13:42:51.399 INFO  (qtp1192672907-22) [c:technoproducts s:shard1 r:core_node5 x:technoproducts_shard1_replica_n2] o.a.s.c.S.Request webapp=/solr path=/select params={df=text&distrib=false&shards.purpose=64&q.op=OR&shard.url=http://localhost:7574/solr/technoproducts_shard1_replica_n2/|http://localhost:8983/solr/technoproducts_shard1_replica_n6/&rows=10&rid=localhost-12&version=2&q=*:*&omitHeader=false&NOW=1674826971079&ids=0805080481,GB18030TEST,0812521390,0441385532,MA147LL/A,080508049X,0380014300,IW-02,978-0641723445,adata&isShard=true&wt=javabin&useParams=&_=1674826393255} status=0 QTime=3
2023-01-27 13:45:47.199 INFO  (qtp1192672907-27) [c:technoproducts s:shard2 r:core_node3 x:technoproducts_shard2_replica_n1] o.a.s.c.S.Request webapp=/solr path=/select params={df=text&distrib=false&fl=id&fl=score&shards.purpose=16388&start=0&fsv=true&shard.url=http://localhost:7574/solr/technoproducts_shard2_replica_n1/|http://localhost:8983/solr/technoproducts_shard2_replica_n4/&rows=10&rid=localhost-13&version=2&q=\*:*&omitHeader=false&NOW=1674827147195&isShard=true&wt=javabin} hits=30 status=0 QTime=0
2023-01-27 13:45:47.216 INFO  (qtp1192672907-21) [c:technoproducts s:shard2 r:core_node3 x:technoproducts_shard2_replica_n1] o.a.s.c.S.Request webapp=/solr path=/select params={df=text&distrib=false&shards.purpose=64&shard.url=http://localhost:7574/solr/technoproducts_shard2_replica_n1/|http://localhost:8983/solr/technoproducts_shard2_replica_n4/&rows=10&rid=localhost-13&version=2&q=\*:*&omitHeader=false&NOW=1674827147195&ids=0553293354,055357342X,6H500F0,978-1933988177,0553579908,978-1423103349,978-1857995879,0553573403,0812550706,SP2514N&isShard=true&wt=javabin} status=0 QTime=0
2023-01-27 13:46:05.457 INFO  (qtp1192672907-21) [c:technoproducts s:shard1 r:core_node5 x:technoproducts_shard1_replica_n2] o.a.s.c.S.Request webapp=/solr path=/select params={df=text&distrib=false&fl=id&fl=score&shards.purpose=16388&start=0&fsv=true&q.op=OR&shard.url=http://localhost:7574/solr/technoproducts_shard1_replica_n2/|http://localhost:8983/solr/technoproducts_shard1_replica_n6/&rows=10&rid=localhost-14&version=2&q=*Black*&omitHeader=false&NOW=1674827165369&isShard=true&wt=javabin&useParams=&_=1674826393255} hits=3 status=0 QTime=24
2023-01-27 13:46:05.457 INFO  (qtp1192672907-27) [c:technoproducts s:shard2 r:core_node3 x:technoproducts_shard2_replica_n1] o.a.s.c.S.Request webapp=/solr path=/select params={df=text&distrib=false&fl=id&fl=score&shards.purpose=16388&start=0&fsv=true&q.op=OR&shard.url=http://localhost:7574/solr/technoproducts_shard2_replica_n1/|http://localhost:8983/solr/technoproducts_shard2_replica_n4/&rows=10&rid=localhost-14&version=2&q=*Black*&omitHeader=false&NOW=1674827165369&isShard=true&wt=javabin&useParams=&_=1674826393255} hits=1 status=0 QTime=24
2023-01-27 13:46:05.463 INFO  (qtp1192672907-21) [c:technoproducts s:shard2 r:core_node3 x:technoproducts_shard2_replica_n1] o.a.s.c.S.Request webapp=/solr path=/select params={df=text&distrib=false&shards.purpose=64&q.op=OR&shard.url=http://localhost:7574/solr/technoproducts_shard2_replica_n1/|http://localhost:8983/solr/technoproducts_shard2_replica_n4/&rows=10&rid=localhost-14&version=2&q=*Black*&omitHeader=false&NOW=1674827165369&ids=0579B002&isShard=true&wt=javabin&useParams=&_=1674826393255} status=0 QTime=3
2023-01-27 13:46:05.463 INFO  (qtp1192672907-22) [c:technoproducts s:shard1 r:core_node5 x:technoproducts_shard1_replica_n2] o.a.s.c.S.Request webapp=/solr path=/select params={df=text&distrib=false&shards.purpose=64&q.op=OR&shard.url=http://localhost:7574/solr/technoproducts_shard1_replica_n2/|http://localhost:8983/solr/technoproducts_shard1_replica_n6/&rows=10&rid=localhost-14&version=2&q=*Black*&omitHeader=false&NOW=1674827165369&ids=0812521390,MA147LL/A,080508049X&isShard=true&wt=javabin&useParams=&_=1674826393255} status=0 QTime=3
2023-01-27 13:46:17.676 INFO  (qtp1192672907-27) [c:technoproducts s:shard2 r:core_node3 x:technoproducts_shard2_replica_n1] o.a.s.c.S.Request webapp=/solr path=/select params={df=text&distrib=false&fl=id&fl=score&shards.purpose=16388&start=0&fsv=true&q.op=OR&shard.url=http://localhost:7574/solr/technoproducts_shard2_replica_n1/|http://localhost:8983/solr/technoproducts_shard2_replica_n4/&rows=10&rid=localhost-15&version=2&q=*Alex*&omitHeader=false&NOW=1674827177663&isShard=true&wt=javabin&useParams=&_=1674826393255} hits=0 status=0 QTime=6
2023-01-27 13:51:42.650 INFO  (qtp1192672907-75) [c:technoproducts s:shard2 r:core_node3 x:technoproducts_shard2_replica_n1] o.a.s.c.S.Request webapp=/solr path=/select params={df=text&distrib=false&fl=id&fl=score&shards.purpose=16388&start=0&fsv=true&q.op=OR&shard.url=http://localhost:7574/solr/technoproducts_shard2_replica_n1/|http://localhost:8983/solr/technoproducts_shard2_replica_n4/&rows=10&rid=localhost-17&version=2&q=*foundation*&omitHeader=false&NOW=1674827502627&isShard=true&wt=javabin&useParams=&_=1674826393255} hits=5 status=0 QTime=7
2023-01-27 13:51:42.662 INFO  (qtp1192672907-20) [c:technoproducts s:shard2 r:core_node3 x:technoproducts_shard2_replica_n1] o.a.s.c.S.Request webapp=/solr path=/select params={df=text&distrib=false&shards.purpose=64&q.op=OR&shard.url=http://localhost:7574/solr/technoproducts_shard2_replica_n1/|http://localhost:8983/solr/technoproducts_shard2_replica_n4/&rows=10&rid=localhost-17&version=2&q=*foundation*&omitHeader=false&NOW=1674827502627&ids=D:\\Application_SetupFiles\\solr-9.1.1\\solr-9.1.1\\example\\exampledocs\\post.jar,0553293354,D:\\Application_SetupFiles\\solr-9.1.1\\solr-9.1.1\\example\\exampledocs\\test_utf8.sh,SOLR1000,UTF8TEST&isShard=true&wt=javabin&useParams=&_=1674826393255} status=0 QTime=4
2023-01-27 13:58:08.955 INFO  (qtp1192672907-19) [c:technoproducts s:shard1 r:core_node5 x:technoproducts_shard1_replica_n2] o.a.s.c.S.Request webapp=/solr path=/select params={df=text&distrib=false&fl=id&fl=score&shards.purpose=16388&start=0&fsv=true&shard.url=http://localhost:7574/solr/technoproducts_shard1_replica_n2/|http://localhost:8983/solr/technoproducts_shard1_replica_n6/&rows=10&rid=localhost-18&version=2&q=%2Belectronics+-music&omitHeader=false&NOW=1674827888945&isShard=true&wt=javabin} hits=6 status=0 QTime=3
2023-01-27 13:58:08.959 INFO  (qtp1192672907-75) [c:technoproducts s:shard1 r:core_node5 x:technoproducts_shard1_replica_n2] o.a.s.c.S.Request webapp=/solr path=/select params={df=text&distrib=false&shards.purpose=64&shard.url=http://localhost:7574/solr/technoproducts_shard1_replica_n2/|http://localhost:8983/solr/technoproducts_shard1_replica_n6/&rows=10&rid=localhost-18&version=2&q=%2Belectronics+-music&omitHeader=false&NOW=1674827888945&ids=VS1GB400C3,3007WFP,IW-02&isShard=true&wt=javabin} status=0 QTime=1
2023-01-27 13:58:18.278 INFO  (qtp1192672907-19) [c:technoproducts s:shard2 r:core_node3 x:technoproducts_shard2_replica_n1] o.a.s.c.S.Request webapp=/solr path=/select params={df=text&distrib=false&fl=id&fl=score&shards.purpose=16388&start=0&fsv=true&shard.url=http://localhost:7574/solr/technoproducts_shard2_replica_n1/|http://localhost:8983/solr/technoproducts_shard2_replica_n4/&rows=10&rid=localhost-19&version=2&q=%2Belectronics%2B-music&omitHeader=false&NOW=1674827898275&isShard=true&wt=javabin} hits=7 status=0 QTime=1
2023-01-27 13:58:18.280 INFO  (qtp1192672907-75) [c:technoproducts s:shard1 r:core_node5 x:technoproducts_shard1_replica_n2] o.a.s.c.S.Request webapp=/solr path=/select params={df=text&distrib=false&fl=id&fl=score&shards.purpose=16388&start=0&fsv=true&shard.url=http://localhost:7574/solr/technoproducts_shard1_replica_n2/|http://localhost:8983/solr/technoproducts_shard1_replica_n6/&rows=10&rid=localhost-19&version=2&q=%2Belectronics%2B-music&omitHeader=false&NOW=1674827898275&isShard=true&wt=javabin} hits=7 status=0 QTime=2
2023-01-27 13:58:18.284 INFO  (qtp1192672907-75) [c:technoproducts s:shard2 r:core_node3 x:technoproducts_shard2_replica_n1] o.a.s.c.S.Request webapp=/solr path=/select params={df=text&distrib=false&shards.purpose=64&shard.url=http://localhost:7574/solr/technoproducts_shard2_replica_n1/|http://localhost:8983/solr/technoproducts_shard2_replica_n4/&rows=10&rid=localhost-19&version=2&q=%2Belectronics%2B-music&omitHeader=false&NOW=1674827898275&ids=F8V7067-APL-KIT,6H500F0,100-435805,9885A004,0579B002,SP2514N,VA902B&isShard=true&wt=javabin} status=0 QTime=0
2023-01-27 13:58:18.284 INFO  (qtp1192672907-20) [c:technoproducts s:shard1 r:core_node5 x:technoproducts_shard1_replica_n2] o.a.s.c.S.Request webapp=/solr path=/select params={df=text&distrib=false&shards.purpose=64&shard.url=http://localhost:7574/solr/technoproducts_shard1_replica_n2/|http://localhost:8983/solr/technoproducts_shard1_replica_n6/&rows=10&rid=localhost-19&version=2&q=%2Belectronics%2B-music&omitHeader=false&NOW=1674827898275&ids=VS1GB400C3,MA147LL/A,IW-02&isShard=true&wt=javabin} status=0 QTime=0
2023-01-27 13:59:21.999 INFO  (qtp1192672907-19) [ x:technoproducts_shard1_replica_n2] o.a.s.m.SolrMetricManager Closing metric reporters for registry=solr.core.technoproducts.shard1.replica_n2 tag=null
2023-01-27 13:59:22.026 INFO  (qtp1192672907-20) [ x:technoproducts_shard2_replica_n1] o.a.s.m.SolrMetricManager Closing metric reporters for registry=solr.core.technoproducts.shard2.replica_n1 tag=null
2023-01-27 13:59:22.028 INFO  (qtp1192672907-19) [ x:technoproducts_shard1_replica_n2] o.a.s.c.SolrCore CLOSING SolrCore org.apache.solr.core.SolrCore@63b27c52 technoproducts_shard1_replica_n2
2023-01-27 13:59:22.037 INFO  (qtp1192672907-19) [ x:technoproducts_shard1_replica_n2] o.a.s.m.SolrMetricManager Closing metric reporters for registry=solr.core.technoproducts.shard1.replica_n2 tag=SolrCore@63b27c52
2023-01-27 13:59:22.037 INFO  (qtp1192672907-19) [ x:technoproducts_shard1_replica_n2] o.a.s.m.SolrMetricManager Closing metric reporters for registry=solr.collection.technoproducts.shard1.leader tag=SolrCore@63b27c52
2023-01-27 13:59:22.038 INFO  (qtp1192672907-19) [ x:technoproducts_shard1_replica_n2] o.a.s.u.DirectUpdateHandler2 Committing on IndexWriter.close()  ... SKIPPED (unnecessary).
2023-01-27 13:59:22.038 INFO  (qtp1192672907-20) [ x:technoproducts_shard2_replica_n1] o.a.s.c.SolrCore CLOSING SolrCore org.apache.solr.core.SolrCore@58b642de technoproducts_shard2_replica_n1
2023-01-27 13:59:22.038 INFO  (qtp1192672907-20) [ x:technoproducts_shard2_replica_n1] o.a.s.m.SolrMetricManager Closing metric reporters for registry=solr.core.technoproducts.shard2.replica_n1 tag=SolrCore@58b642de
2023-01-27 13:59:22.038 INFO  (qtp1192672907-20) [ x:technoproducts_shard2_replica_n1] o.a.s.m.SolrMetricManager Closing metric reporters for registry=solr.collection.technoproducts.shard2.leader tag=SolrCore@58b642de
2023-01-27 13:59:22.039 INFO  (qtp1192672907-20) [ x:technoproducts_shard2_replica_n1] o.a.s.u.DirectUpdateHandler2 Committing on IndexWriter.close()  ... SKIPPED (unnecessary).
2023-01-27 13:59:22.102 INFO  (qtp1192672907-19) [] o.a.s.c.ZkShardTerms Successful update of terms at /collections/technoproducts/terms/shard1 to Terms{values={core_node8=1}, version=3} for removeTerm
2023-01-27 13:59:22.124 INFO  (qtp1192672907-19) [] o.a.s.c.ShardLeaderElectionContextBase No version found for ephemeral leader parent node, won't remove previous leader registration.
2023-01-27 13:59:22.125 INFO  (qtp1192672907-20) [] o.a.s.c.ZkShardTerms Failed to save terms, version is not a match, retrying
2023-01-27 13:59:22.148 INFO  (qtp1192672907-19) [] o.a.s.s.HttpSolrCall [admin] webapp=null path=/admin/cores params={deleteInstanceDir=true&core=technoproducts_shard1_replica_n2&qt=/admin/cores&deleteDataDir=true&action=UNLOAD&wt=javabin&version=2} status=0 QTime=150
2023-01-27 13:59:22.159 INFO  (qtp1192672907-20) [] o.a.s.c.ZkShardTerms Successful update of terms at /collections/technoproducts/terms/shard2 to Terms{values={}, version=4} for removeTerm
2023-01-27 13:59:22.181 INFO  (qtp1192672907-20) [] o.a.s.c.ShardLeaderElectionContextBase No version found for ephemeral leader parent node, won't remove previous leader registration.
2023-01-27 13:59:22.204 INFO  (qtp1192672907-20) [] o.a.s.s.HttpSolrCall [admin] webapp=null path=/admin/cores params={deleteInstanceDir=true&core=technoproducts_shard2_replica_n1&qt=/admin/cores&deleteDataDir=true&action=UNLOAD&wt=javabin&version=2} status=0 QTime=205
2023-01-27 13:59:22.215 WARN  (zkCallback-11-thread-6) [] o.a.s.c.LeaderElector Our node is no longer in line to be leader
2023-01-27 13:59:22.226 INFO  (zkCallback-11-thread-6) [] o.a.s.c.c.ZkStateReader A cluster state change: [WatchedEvent state:SyncConnected type:NodeDataChanged path:/collections/technoproducts/state.json] for collection [technoproducts] has occurred - updating... (live nodes size: [2])
2023-01-27 13:59:22.226 INFO  (zkCallback-11-thread-5) [] o.a.s.c.c.ZkStateReader A cluster state change: [WatchedEvent state:SyncConnected type:NodeDataChanged path:/collections/technoproducts/state.json] for collection [technoproducts] has occurred - updating... (live nodes size: [2])
2023-01-27 13:59:22.567 INFO  (qtp1192672907-24) [] o.a.s.s.HttpSolrCall [admin] webapp=null path=/admin/collections params={name=technoproducts&action=DELETE&wt=json} status=0 QTime=599
2023-01-27 13:59:34.297 INFO  (qtp1192672907-22) [] o.a.s.s.HttpSolrCall [admin] webapp=null path=/admin/collections params={name=technoproducts&action=DELETE} status=400 QTime=83
2023-01-27 14:00:04.190 INFO  (ShutdownMonitor) [] o.e.j.s.AbstractConnector Stopped ServerConnector@4c4d27c8{HTTP/1.1, (http/1.1, h2c)}{127.0.0.1:7574}
2023-01-27 14:00:04.192 INFO  (ShutdownMonitor) [] o.a.s.c.CoreContainer Shutting down CoreContainer instance=2026706491
2023-01-27 14:00:04.192 INFO  (ShutdownMonitor) [] o.a.s.c.ZkController Remove node as live in ZooKeeper:/live_nodes/localhost:7574_solr
2023-01-27 14:00:04.227 INFO  (ShutdownMonitor) [] o.a.s.c.ZkController Publish this node as DOWN...
2023-01-27 14:00:04.227 INFO  (ShutdownMonitor) [] o.a.s.c.ZkController Publish node=localhost:7574_solr as DOWN
2023-01-27 14:00:04.227 INFO  (zkCallback-11-thread-7) [] o.a.s.c.c.ZkStateReader Updated live nodes from ZooKeeper... (2) -> (1)
2023-01-27 14:00:04.241 INFO  (ShutdownMonitor) [] o.a.s.m.SolrMetricManager Closing metric reporters for registry=solr.node tag=null
2023-01-27 14:00:04.245 INFO  (ShutdownMonitor) [] o.a.s.m.SolrMetricManager Closing metric reporters for registry=solr.jvm tag=null
2023-01-27 14:00:04.248 INFO  (ShutdownMonitor) [] o.a.s.m.SolrMetricManager Closing metric reporters for registry=solr.jetty tag=null
2023-01-27 14:00:04.249 INFO  (ShutdownMonitor) [] o.a.s.m.SolrMetricManager Closing metric reporters for registry=solr.cluster tag=null
2023-01-27 14:00:04.364 INFO  (ShutdownMonitor) [] o.e.j.s.h.ContextHandler Stopped o.e.j.w.WebAppContext@532a02d9{/solr,null,STOPPED}{D:\Application_SetupFiles\solr-9.1.1\solr-9.1.1\server/solr-webapp/webapp}
