2023-03-25 17:12:11.112 INFO  (main) [] o.e.j.u.log Logging initialized @1102ms to org.eclipse.jetty.util.log.Slf4jLog
2023-03-25 17:12:11.366 INFO  (main) [] o.e.j.s.Server jetty-9.4.48.v20220622; built: 2022-06-21T20:42:25.880Z; git: 6b67c5719d1f4371b33655ff2d047d24e171e49a; jvm 16.0.1+9-24
2023-03-25 17:12:12.034 INFO  (main) [] o.a.s.s.CoreContainerProvider Using logger factory org.apache.logging.slf4j.Log4jLoggerFactory
2023-03-25 17:12:12.050 INFO  (main) [] o.a.s.s.CoreContainerProvider  ___      _       Welcome to Apache Solr™ version 9.1.1
2023-03-25 17:12:12.050 INFO  (main) [] o.a.s.s.CoreContainerProvider / __| ___| |_ _   Starting in standalone mode on port 8983
2023-03-25 17:12:12.050 INFO  (main) [] o.a.s.s.CoreContainerProvider \__ \/ _ \ | '_|  Install dir: D:\micha\Michael\GitHub\Michael_Lee\CZ4034_Information_Retrieval\backend\solr-9.1.1
2023-03-25 17:12:12.050 INFO  (main) [] o.a.s.s.CoreContainerProvider |___/\___/_|_|    Start time: 2023-03-25T17:12:12.050248900Z
2023-03-25 17:12:12.060 INFO  (main) [] o.a.s.s.CoreContainerProvider Solr Home: D:\micha\Michael\GitHub\Michael_Lee\CZ4034_Information_Retrieval\backend\solr-9.1.1\server\solr (source: system property: solr.solr.home)
2023-03-25 17:12:12.062 INFO  (main) [] o.a.s.c.SolrXmlConfig Loading solr.xml from D:\micha\Michael\GitHub\Michael_Lee\CZ4034_Information_Retrieval\backend\solr-9.1.1\server\solr\solr.xml
2023-03-25 17:12:12.210 INFO  (main) [] o.a.s.c.SolrResourceLoader Added 1 libs to classloader, from paths: [/D:/micha/Michael/GitHub/Michael_Lee/CZ4034_Information_Retrieval/backend/solr-9.1.1/lib]
2023-03-25 17:12:13.453 WARN  (main) [] o.a.s.u.StartupLoggingUtils Jetty request logging enabled. Will retain logs for last 3 days. See chapter "Configuring Logging" in reference guide for how to configure.
2023-03-25 17:12:13.456 WARN  (main) [] o.a.s.c.CoreContainer Not all security plugins configured!  authentication=disabled authorization=disabled.  Solr is only as secure as you make it. Consider configuring authentication/authorization before exposing Solr to users internal or external.  See https://s.apache.org/solrsecurity for more info
2023-03-25 17:12:13.698 INFO  (main) [] o.a.s.c.CorePropertiesLocator Found 1 core definitions underneath D:\micha\Michael\GitHub\Michael_Lee\CZ4034_Information_Retrieval\backend\solr-9.1.1\server\solr
2023-03-25 17:12:13.698 INFO  (main) [] o.a.s.c.CorePropertiesLocator Cores are: [movie_db]
2023-03-25 17:12:13.701 INFO  (coreLoadExecutor-10-thread-1) [] o.a.s.c.TransientSolrCoreCacheDefault Allocating transient core cache for max 2147483647 cores with initial capacity of 1024
2023-03-25 17:12:13.734 INFO  (coreLoadExecutor-10-thread-1) [ x:movie_db] o.a.s.c.SolrConfig Using Lucene MatchVersion: 9.3.0
2023-03-25 17:12:13.849 INFO  (coreLoadExecutor-10-thread-1) [ x:movie_db] o.a.s.s.IndexSchema Schema name=default-config
2023-03-25 17:12:13.929 WARN  (coreLoadExecutor-10-thread-1) [ x:movie_db] o.a.s.D.s.SynonymFilterFactory Solr loaded a deprecated plugin/analysis class [solr.SynonymFilterFactory]. Please consult documentation how to replace it accordingly.
2023-03-25 17:12:14.122 INFO  (main) [] o.e.j.s.h.ContextHandler Started o.e.j.w.WebAppContext@791cbf87{/solr,file:///D:/micha/Michael/GitHub/Michael_Lee/CZ4034_Information_Retrieval/backend/solr-9.1.1/server/solr-webapp/webapp/,AVAILABLE}{D:\micha\Michael\GitHub\Michael_Lee\CZ4034_Information_Retrieval\backend\solr-9.1.1\server/solr-webapp/webapp}
2023-03-25 17:12:14.130 INFO  (main) [] o.e.j.s.RequestLogWriter Opened D:\micha\Michael\GitHub\Michael_Lee\CZ4034_Information_Retrieval\backend\solr-9.1.1\server\logs\2023_03_25.request.log
2023-03-25 17:12:14.141 INFO  (main) [] o.e.j.s.AbstractConnector Started ServerConnector@422c3c7a{HTTP/1.1, (http/1.1, h2c)}{127.0.0.1:8983}
2023-03-25 17:12:14.142 INFO  (main) [] o.e.j.s.Server Started @4135ms
2023-03-25 17:12:14.386 INFO  (coreLoadExecutor-10-thread-1) [ x:movie_db] o.a.s.s.IndexSchema Loaded schema default-config/1.6 with uniqueid field id
2023-03-25 17:12:14.389 INFO  (coreLoadExecutor-10-thread-1) [ x:movie_db] o.a.s.c.CoreContainer Creating SolrCore 'movie_db' using configuration from instancedir D:\micha\Michael\GitHub\Michael_Lee\CZ4034_Information_Retrieval\backend\solr-9.1.1\server\solr\movie_db, trusted=true
2023-03-25 17:12:14.423 INFO  (coreLoadExecutor-10-thread-1) [ x:movie_db] o.a.s.c.SolrCore Opening new SolrCore at [D:\micha\Michael\GitHub\Michael_Lee\CZ4034_Information_Retrieval\backend\solr-9.1.1\server\solr\movie_db], dataDir=[D:\micha\Michael\GitHub\Michael_Lee\CZ4034_Information_Retrieval\backend\solr-9.1.1\server\solr\movie_db\data\]
2023-03-25 17:12:14.919 INFO  (coreLoadExecutor-10-thread-1) [ x:movie_db] o.a.s.u.UpdateHandler Using UpdateLog implementation: org.apache.solr.update.UpdateLog
2023-03-25 17:12:14.919 INFO  (coreLoadExecutor-10-thread-1) [ x:movie_db] o.a.s.u.UpdateLog Initializing UpdateLog: dataDir= defaultSyncLevel=FLUSH numRecordsToKeep=100 maxNumLogsToKeep=10 numVersionBuckets=65536
2023-03-25 17:12:14.961 INFO  (coreLoadExecutor-10-thread-1) [ x:movie_db] o.a.s.u.CommitTracker Hard AutoCommit: if uncommitted for 15000ms; 
2023-03-25 17:12:14.962 INFO  (coreLoadExecutor-10-thread-1) [ x:movie_db] o.a.s.u.CommitTracker Soft AutoCommit: disabled
2023-03-25 17:12:15.142 INFO  (coreLoadExecutor-10-thread-1) [ x:movie_db] o.a.s.r.ManagedResourceStorage File-based storage initialized to use dir: D:\micha\Michael\GitHub\Michael_Lee\CZ4034_Information_Retrieval\backend\solr-9.1.1\server\solr\movie_db\conf
2023-03-25 17:12:15.164 INFO  (coreLoadExecutor-10-thread-1) [ x:movie_db] o.a.s.h.c.SpellCheckComponent Registering newSearcher listener for spellchecker: default
2023-03-25 17:12:15.172 INFO  (coreLoadExecutor-10-thread-1) [ x:movie_db] o.a.s.h.ReplicationHandler Commits will be reserved for 10000 ms
2023-03-25 17:12:15.183 INFO  (searcherExecutor-12-thread-1-processing-movie_db) [ x:movie_db] o.a.s.c.QuerySenderListener QuerySenderListener done.
2023-03-25 17:12:15.184 INFO  (searcherExecutor-12-thread-1-processing-movie_db) [ x:movie_db] o.a.s.h.c.SpellCheckComponent Loading spell index for spellchecker: default
2023-03-25 17:12:15.195 INFO  (searcherExecutor-12-thread-1-processing-movie_db) [ x:movie_db] o.a.s.c.SolrCore Registered new searcher autowarm time: 0 ms
2023-03-25 17:12:16.298 INFO  (qtp22004208-26) [] o.a.s.s.HttpSolrCall [admin] webapp=null path=/admin/info/system params={wt=json} status=0 QTime=59
2023-03-25 17:12:23.432 INFO  (ShutdownMonitor) [] o.e.j.s.AbstractConnector Stopped ServerConnector@422c3c7a{HTTP/1.1, (http/1.1, h2c)}{127.0.0.1:8983}
2023-03-25 17:12:23.438 INFO  (ShutdownMonitor) [] o.a.s.c.CoreContainer Shutting down CoreContainer instance=1081635795
2023-03-25 17:12:23.441 INFO  (coreCloseExecutor-18-thread-1) [ x:movie_db] o.a.s.c.SolrCore CLOSING SolrCore org.apache.solr.core.SolrCore@4efd800a movie_db
2023-03-25 17:12:23.442 INFO  (coreCloseExecutor-18-thread-1) [ x:movie_db] o.a.s.m.SolrMetricManager Closing metric reporters for registry=solr.core.movie_db tag=SolrCore@4efd800a
2023-03-25 17:12:23.465 INFO  (coreCloseExecutor-18-thread-1) [ x:movie_db] o.a.s.u.DirectUpdateHandler2 Committing on IndexWriter.close()  ... SKIPPED (unnecessary).
2023-03-25 17:12:23.474 INFO  (ShutdownMonitor) [] o.a.s.m.SolrMetricManager Closing metric reporters for registry=solr.node tag=null
2023-03-25 17:12:23.481 INFO  (ShutdownMonitor) [] o.a.s.m.SolrMetricManager Closing metric reporters for registry=solr.jvm tag=null
2023-03-25 17:12:23.487 INFO  (ShutdownMonitor) [] o.a.s.m.SolrMetricManager Closing metric reporters for registry=solr.jetty tag=null
2023-03-25 17:12:23.499 INFO  (ShutdownMonitor) [] o.e.j.s.h.ContextHandler Stopped o.e.j.w.WebAppContext@791cbf87{/solr,null,STOPPED}{D:\micha\Michael\GitHub\Michael_Lee\CZ4034_Information_Retrieval\backend\solr-9.1.1\server/solr-webapp/webapp}
