[2023-03-26T01:12:10.056+0800][0.049s] Using G1
[2023-03-26T01:12:10.171+0800][0.164s] Version: 16.0.1+9-24 (release)
[2023-03-26T01:12:10.171+0800][0.164s] CPUs: 8 total, 8 available
[2023-03-26T01:12:10.171+0800][0.164s] Memory: 16015M
[2023-03-26T01:12:10.171+0800][0.164s] Large Page Support: Disabled
[2023-03-26T01:12:10.171+0800][0.164s] NUMA Support: Disabled
[2023-03-26T01:12:10.171+0800][0.164s] Compressed Oops: Enabled (32-bit)
[2023-03-26T01:12:10.171+0800][0.164s] Heap Region Size: 1M
[2023-03-26T01:12:10.171+0800][0.164s] Heap Min Capacity: 512M
[2023-03-26T01:12:10.171+0800][0.164s] Heap Initial Capacity: 512M
[2023-03-26T01:12:10.171+0800][0.164s] Heap Max Capacity: 512M
[2023-03-26T01:12:10.171+0800][0.164s] Pre-touch: Enabled
[2023-03-26T01:12:10.172+0800][0.165s] Parallel Workers: 8
[2023-03-26T01:12:10.172+0800][0.165s] Concurrent Workers: 2
[2023-03-26T01:12:10.172+0800][0.165s] Concurrent Refinement Workers: 8
[2023-03-26T01:12:10.172+0800][0.165s] Periodic GC: Disabled
[2023-03-26T01:12:10.172+0800][0.166s] CDS archive(s) mapped at: [0x0000000800000000-0x0000000800bb0000-0x0000000800bb0000), size 12255232, SharedBaseAddress: 0x0000000800000000, ArchiveRelocationMode: 0.
[2023-03-26T01:12:10.173+0800][0.166s] Compressed class space mapped at: 0x0000000800c00000-0x0000000840c00000, reserved size: 1073741824
[2023-03-26T01:12:10.173+0800][0.166s] Narrow klass base: 0x0000000800000000, Narrow klass shift: 3, Narrow klass range: 0x100000000
[2023-03-26T01:12:10.736+0800][0.730s] GC(0) Pause Young (Normal) (G1 Evacuation Pause)
[2023-03-26T01:12:10.737+0800][0.731s] GC(0) Using 8 workers of 8 for evacuation
[2023-03-26T01:12:10.739+0800][0.733s] GC(0)   Pre Evacuate Collection Set: 0.1ms
[2023-03-26T01:12:10.739+0800][0.733s] GC(0)   Merge Heap Roots: 0.0ms
[2023-03-26T01:12:10.739+0800][0.733s] GC(0)   Evacuate Collection Set: 1.8ms
[2023-03-26T01:12:10.739+0800][0.733s] GC(0)   Post Evacuate Collection Set: 0.2ms
[2023-03-26T01:12:10.739+0800][0.733s] GC(0)   Other: 0.6ms
[2023-03-26T01:12:10.739+0800][0.733s] GC(0) Eden regions: 29->0(43)
[2023-03-26T01:12:10.739+0800][0.733s] GC(0) Survivor regions: 0->4(4)
[2023-03-26T01:12:10.739+0800][0.733s] GC(0) Old regions: 0->0
[2023-03-26T01:12:10.739+0800][0.733s] GC(0) Archive regions: 0->0
[2023-03-26T01:12:10.739+0800][0.733s] GC(0) Humongous regions: 0->0
[2023-03-26T01:12:10.739+0800][0.733s] GC(0) Metaspace: 4822K(4992K)->4822K(4992K) NonClass: 4330K(4416K)->4330K(4416K) Class: 491K(576K)->491K(576K)
[2023-03-26T01:12:10.739+0800][0.733s] GC(0) Pause Young (Normal) (G1 Evacuation Pause) 29M->3M(512M) 2.809ms
[2023-03-26T01:12:10.739+0800][0.733s] GC(0) User=0.00s Sys=0.00s Real=0.00s
[2023-03-26T01:12:11.339+0800][1.333s] GC(1) Pause Young (Normal) (G1 Evacuation Pause)
[2023-03-26T01:12:11.340+0800][1.333s] GC(1) Using 8 workers of 8 for evacuation
[2023-03-26T01:12:11.347+0800][1.340s] GC(1)   Pre Evacuate Collection Set: 0.1ms
[2023-03-26T01:12:11.347+0800][1.340s] GC(1)   Merge Heap Roots: 0.1ms
[2023-03-26T01:12:11.347+0800][1.340s] GC(1)   Evacuate Collection Set: 6.3ms
[2023-03-26T01:12:11.347+0800][1.340s] GC(1)   Post Evacuate Collection Set: 0.6ms
[2023-03-26T01:12:11.347+0800][1.340s] GC(1)   Other: 0.1ms
[2023-03-26T01:12:11.347+0800][1.340s] GC(1) Eden regions: 43->0(301)
[2023-03-26T01:12:11.347+0800][1.340s] GC(1) Survivor regions: 4->6(6)
[2023-03-26T01:12:11.347+0800][1.340s] GC(1) Old regions: 0->8
[2023-03-26T01:12:11.347+0800][1.340s] GC(1) Archive regions: 0->0
[2023-03-26T01:12:11.347+0800][1.340s] GC(1) Humongous regions: 4->4
[2023-03-26T01:12:11.347+0800][1.340s] GC(1) Metaspace: 14849K(15104K)->14849K(15104K) NonClass: 13145K(13248K)->13145K(13248K) Class: 1703K(1856K)->1703K(1856K)
[2023-03-26T01:12:11.347+0800][1.340s] GC(1) Pause Young (Normal) (G1 Evacuation Pause) 50M->17M(512M) 7.293ms
[2023-03-26T01:12:11.347+0800][1.340s] GC(1) User=0.00s Sys=0.00s Real=0.01s
[2023-03-26T01:12:12.473+0800][2.467s] GC(2) Pause Young (Normal) (G1 Evacuation Pause)
[2023-03-26T01:12:12.473+0800][2.467s] GC(2) Using 8 workers of 8 for evacuation
[2023-03-26T01:12:12.481+0800][2.475s] GC(2)   Pre Evacuate Collection Set: 0.1ms
[2023-03-26T01:12:12.481+0800][2.475s] GC(2)   Merge Heap Roots: 0.0ms
[2023-03-26T01:12:12.481+0800][2.475s] GC(2)   Evacuate Collection Set: 6.1ms
[2023-03-26T01:12:12.481+0800][2.475s] GC(2)   Post Evacuate Collection Set: 0.9ms
[2023-03-26T01:12:12.481+0800][2.475s] GC(2)   Other: 0.2ms
[2023-03-26T01:12:12.481+0800][2.475s] GC(2) Eden regions: 301->0(294)
[2023-03-26T01:12:12.481+0800][2.475s] GC(2) Survivor regions: 6->13(39)
[2023-03-26T01:12:12.481+0800][2.475s] GC(2) Old regions: 8->8
[2023-03-26T01:12:12.481+0800][2.475s] GC(2) Archive regions: 0->0
[2023-03-26T01:12:12.481+0800][2.475s] GC(2) Humongous regions: 5->4
[2023-03-26T01:12:12.481+0800][2.475s] GC(2) Metaspace: 20896K(21184K)->20896K(21184K) NonClass: 18454K(18624K)->18454K(18624K) Class: 2441K(2560K)->2441K(2560K)
[2023-03-26T01:12:12.481+0800][2.475s] GC(2) Pause Young (Normal) (G1 Evacuation Pause) 319M->24M(512M) 7.470ms
[2023-03-26T01:12:12.481+0800][2.475s] GC(2) User=0.11s Sys=0.00s Real=0.01s
[2023-03-26T01:12:12.495+0800][2.489s] GC(3) Pause Young (Concurrent Start) (Metadata GC Threshold)
[2023-03-26T01:12:12.495+0800][2.489s] GC(3) Using 8 workers of 8 for evacuation
[2023-03-26T01:12:12.501+0800][2.494s] GC(3)   Pre Evacuate Collection Set: 0.1ms
[2023-03-26T01:12:12.501+0800][2.494s] GC(3)   Merge Heap Roots: 0.0ms
[2023-03-26T01:12:12.501+0800][2.494s] GC(3)   Evacuate Collection Set: 4.3ms
[2023-03-26T01:12:12.501+0800][2.494s] GC(3)   Post Evacuate Collection Set: 0.7ms
[2023-03-26T01:12:12.501+0800][2.494s] GC(3)   Other: 0.2ms
[2023-03-26T01:12:12.501+0800][2.494s] GC(3) Eden regions: 6->0(294)
[2023-03-26T01:12:12.501+0800][2.494s] GC(3) Survivor regions: 13->13(39)
[2023-03-26T01:12:12.501+0800][2.494s] GC(3) Old regions: 8->8
[2023-03-26T01:12:12.501+0800][2.494s] GC(3) Archive regions: 0->0
[2023-03-26T01:12:12.501+0800][2.494s] GC(3) Humongous regions: 4->4
[2023-03-26T01:12:12.501+0800][2.494s] GC(3) Metaspace: 20997K(21248K)->20997K(21248K) NonClass: 18543K(18688K)->18543K(18688K) Class: 2454K(2560K)->2454K(2560K)
[2023-03-26T01:12:12.501+0800][2.494s] GC(3) Pause Young (Concurrent Start) (Metadata GC Threshold) 30M->24M(512M) 5.482ms
[2023-03-26T01:12:12.501+0800][2.494s] GC(3) User=0.00s Sys=0.00s Real=0.01s
[2023-03-26T01:12:12.501+0800][2.494s] GC(4) Concurrent Mark Cycle
[2023-03-26T01:12:12.501+0800][2.494s] GC(4) Concurrent Clear Claimed Marks
[2023-03-26T01:12:12.501+0800][2.494s] GC(4) Concurrent Clear Claimed Marks 0.025ms
[2023-03-26T01:12:12.501+0800][2.494s] GC(4) Concurrent Scan Root Regions
[2023-03-26T01:12:12.504+0800][2.497s] GC(4) Concurrent Scan Root Regions 2.550ms
[2023-03-26T01:12:12.504+0800][2.497s] GC(4) Concurrent Mark
[2023-03-26T01:12:12.504+0800][2.497s] GC(4) Concurrent Mark From Roots
[2023-03-26T01:12:12.504+0800][2.497s] GC(4) Using 2 workers of 2 for marking
[2023-03-26T01:12:12.511+0800][2.504s] GC(4) Concurrent Mark From Roots 7.134ms
[2023-03-26T01:12:12.511+0800][2.504s] GC(4) Concurrent Preclean
[2023-03-26T01:12:12.511+0800][2.504s] GC(4) Concurrent Preclean 0.072ms
[2023-03-26T01:12:12.511+0800][2.504s] GC(4) Pause Remark
[2023-03-26T01:12:12.512+0800][2.506s] GC(4) Pause Remark 28M->28M(512M) 1.382ms
[2023-03-26T01:12:12.512+0800][2.506s] GC(4) User=0.00s Sys=0.00s Real=0.00s
[2023-03-26T01:12:12.512+0800][2.506s] GC(4) Concurrent Mark 8.895ms
[2023-03-26T01:12:12.513+0800][2.506s] GC(4) Concurrent Rebuild Remembered Sets
[2023-03-26T01:12:12.516+0800][2.509s] GC(4) Concurrent Rebuild Remembered Sets 3.478ms
[2023-03-26T01:12:12.516+0800][2.510s] GC(4) Pause Cleanup
[2023-03-26T01:12:12.516+0800][2.510s] GC(4) Pause Cleanup 29M->29M(512M) 0.102ms
[2023-03-26T01:12:12.516+0800][2.510s] GC(4) User=0.00s Sys=0.00s Real=0.00s
[2023-03-26T01:12:12.516+0800][2.510s] GC(4) Concurrent Cleanup for Next Mark
[2023-03-26T01:12:12.517+0800][2.510s] GC(4) Concurrent Cleanup for Next Mark 0.667ms
[2023-03-26T01:12:12.517+0800][2.510s] GC(4) Concurrent Mark Cycle 16.204ms
[2023-03-26T01:12:13.787+0800][3.781s] GC(5) Pause Young (Normal) (G1 Evacuation Pause)
[2023-03-26T01:12:13.787+0800][3.781s] GC(5) Using 8 workers of 8 for evacuation
[2023-03-26T01:12:13.794+0800][3.788s] GC(5)   Pre Evacuate Collection Set: 0.1ms
[2023-03-26T01:12:13.794+0800][3.788s] GC(5)   Merge Heap Roots: 0.1ms
[2023-03-26T01:12:13.794+0800][3.788s] GC(5)   Evacuate Collection Set: 5.8ms
[2023-03-26T01:12:13.794+0800][3.788s] GC(5)   Post Evacuate Collection Set: 0.7ms
[2023-03-26T01:12:13.794+0800][3.788s] GC(5)   Other: 0.2ms
[2023-03-26T01:12:13.794+0800][3.788s] GC(5) Eden regions: 294->0(289)
[2023-03-26T01:12:13.794+0800][3.788s] GC(5) Survivor regions: 13->18(39)
[2023-03-26T01:12:13.794+0800][3.788s] GC(5) Old regions: 8->8
[2023-03-26T01:12:13.794+0800][3.788s] GC(5) Archive regions: 0->0
[2023-03-26T01:12:13.794+0800][3.788s] GC(5) Humongous regions: 4->4
[2023-03-26T01:12:13.794+0800][3.788s] GC(5) Metaspace: 33365K(33728K)->33365K(33728K) NonClass: 29462K(29696K)->29462K(29696K) Class: 3902K(4032K)->3902K(4032K)
[2023-03-26T01:12:13.794+0800][3.788s] GC(5) Pause Young (Normal) (G1 Evacuation Pause) 318M->28M(512M) 6.982ms
[2023-03-26T01:12:13.794+0800][3.788s] GC(5) User=0.12s Sys=0.00s Real=0.01s
[2023-03-26T01:12:14.054+0800][4.048s] GC(6) Pause Young (Concurrent Start) (Metadata GC Threshold)
[2023-03-26T01:12:14.054+0800][4.048s] GC(6) Using 8 workers of 8 for evacuation
[2023-03-26T01:12:14.061+0800][4.055s] GC(6)   Pre Evacuate Collection Set: 0.1ms
[2023-03-26T01:12:14.061+0800][4.055s] GC(6)   Merge Heap Roots: 0.0ms
[2023-03-26T01:12:14.061+0800][4.055s] GC(6)   Evacuate Collection Set: 6.0ms
[2023-03-26T01:12:14.061+0800][4.055s] GC(6)   Post Evacuate Collection Set: 0.6ms
[2023-03-26T01:12:14.061+0800][4.055s] GC(6)   Other: 0.2ms
[2023-03-26T01:12:14.061+0800][4.055s] GC(6) Eden regions: 61->0(289)
[2023-03-26T01:12:14.061+0800][4.055s] GC(6) Survivor regions: 18->18(39)
[2023-03-26T01:12:14.061+0800][4.055s] GC(6) Old regions: 8->8
[2023-03-26T01:12:14.061+0800][4.055s] GC(6) Archive regions: 0->0
[2023-03-26T01:12:14.061+0800][4.055s] GC(6) Humongous regions: 4->4
[2023-03-26T01:12:14.061+0800][4.055s] GC(6) Metaspace: 35225K(35520K)->35225K(35520K) NonClass: 31089K(31232K)->31089K(31232K) Class: 4135K(4288K)->4135K(4288K)
[2023-03-26T01:12:14.061+0800][4.055s] GC(6) Pause Young (Concurrent Start) (Metadata GC Threshold) 89M->29M(512M) 7.050ms
[2023-03-26T01:12:14.061+0800][4.055s] GC(6) User=0.03s Sys=0.02s Real=0.01s
[2023-03-26T01:12:14.061+0800][4.055s] GC(7) Concurrent Mark Cycle
[2023-03-26T01:12:14.061+0800][4.055s] GC(7) Concurrent Clear Claimed Marks
[2023-03-26T01:12:14.061+0800][4.055s] GC(7) Concurrent Clear Claimed Marks 0.037ms
[2023-03-26T01:12:14.061+0800][4.055s] GC(7) Concurrent Scan Root Regions
[2023-03-26T01:12:14.066+0800][4.059s] GC(7) Concurrent Scan Root Regions 4.233ms
[2023-03-26T01:12:14.066+0800][4.059s] GC(7) Concurrent Mark
[2023-03-26T01:12:14.066+0800][4.059s] GC(7) Concurrent Mark From Roots
[2023-03-26T01:12:14.066+0800][4.059s] GC(7) Using 2 workers of 2 for marking
[2023-03-26T01:12:14.073+0800][4.066s] GC(7) Concurrent Mark From Roots 7.054ms
[2023-03-26T01:12:14.073+0800][4.066s] GC(7) Concurrent Preclean
[2023-03-26T01:12:14.073+0800][4.067s] GC(7) Concurrent Preclean 0.080ms
[2023-03-26T01:12:14.073+0800][4.067s] GC(7) Pause Remark
[2023-03-26T01:12:14.074+0800][4.068s] GC(7) Pause Remark 32M->32M(512M) 1.246ms
[2023-03-26T01:12:14.074+0800][4.068s] GC(7) User=0.00s Sys=0.00s Real=0.00s
[2023-03-26T01:12:14.074+0800][4.068s] GC(7) Concurrent Mark 8.705ms
[2023-03-26T01:12:14.075+0800][4.068s] GC(7) Concurrent Rebuild Remembered Sets
[2023-03-26T01:12:14.078+0800][4.072s] GC(7) Concurrent Rebuild Remembered Sets 3.805ms
[2023-03-26T01:12:14.078+0800][4.072s] GC(7) Pause Cleanup
[2023-03-26T01:12:14.079+0800][4.072s] GC(7) Pause Cleanup 33M->33M(512M) 0.066ms
[2023-03-26T01:12:14.079+0800][4.072s] GC(7) User=0.00s Sys=0.00s Real=0.00s
[2023-03-26T01:12:14.079+0800][4.072s] GC(7) Concurrent Cleanup for Next Mark
[2023-03-26T01:12:14.079+0800][4.073s] GC(7) Concurrent Cleanup for Next Mark 0.781ms
[2023-03-26T01:12:14.079+0800][4.073s] GC(7) Concurrent Mark Cycle 18.007ms
[2023-03-26T01:12:15.065+0800][5.059s] GC(8) Pause Young (Normal) (G1 Evacuation Pause)
[2023-03-26T01:12:15.065+0800][5.059s] GC(8) Using 8 workers of 8 for evacuation
[2023-03-26T01:12:15.075+0800][5.069s] GC(8)   Pre Evacuate Collection Set: 0.1ms
[2023-03-26T01:12:15.075+0800][5.069s] GC(8)   Merge Heap Roots: 0.1ms
[2023-03-26T01:12:15.075+0800][5.069s] GC(8)   Evacuate Collection Set: 9.3ms
[2023-03-26T01:12:15.075+0800][5.069s] GC(8)   Post Evacuate Collection Set: 0.8ms
[2023-03-26T01:12:15.075+0800][5.069s] GC(8)   Other: 0.1ms
[2023-03-26T01:12:15.075+0800][5.069s] GC(8) Eden regions: 289->0(281)
[2023-03-26T01:12:15.075+0800][5.069s] GC(8) Survivor regions: 18->26(39)
[2023-03-26T01:12:15.075+0800][5.069s] GC(8) Old regions: 8->8
[2023-03-26T01:12:15.075+0800][5.069s] GC(8) Archive regions: 0->0
[2023-03-26T01:12:15.075+0800][5.069s] GC(8) Humongous regions: 4->4
[2023-03-26T01:12:15.075+0800][5.069s] GC(8) Metaspace: 43654K(44096K)->43654K(44096K) NonClass: 38463K(38720K)->38463K(38720K) Class: 5190K(5376K)->5190K(5376K)
[2023-03-26T01:12:15.075+0800][5.069s] GC(8) Pause Young (Normal) (G1 Evacuation Pause) 318M->36M(512M) 10.420ms
[2023-03-26T01:12:15.075+0800][5.069s] GC(8) User=0.11s Sys=0.00s Real=0.01s
[2023-03-26T01:12:23.502+0800][13.495s] Heap
[2023-03-26T01:12:23.502+0800][13.495s]  garbage-first heap   total 524288K, used 118273K [0x00000000e0000000, 0x0000000100000000)
[2023-03-26T01:12:23.502+0800][13.495s]   region size 1024K, 105 young (107520K), 26 survivors (26624K)
[2023-03-26T01:12:23.502+0800][13.495s]  Metaspace       used 46353K, committed 46784K, reserved 1097728K
[2023-03-26T01:12:23.502+0800][13.495s]   class space    used 5604K, committed 5760K, reserved 1048576K
